#! /c/Source/iverilog-install/bin/vvp
:ivl_version "12.0 (devel)" "(s20150603-1110-g18392a46)";
:ivl_delay_selection "TYPICAL";
:vpi_time_precision + 0;
:vpi_module "C:\iverilog\lib\ivl\system.vpi";
:vpi_module "C:\iverilog\lib\ivl\vhdl_sys.vpi";
:vpi_module "C:\iverilog\lib\ivl\vhdl_textio.vpi";
:vpi_module "C:\iverilog\lib\ivl\v2005_math.vpi";
:vpi_module "C:\iverilog\lib\ivl\va_math.vpi";
S_000002dc91288e00 .scope module, "piso_register" "piso_register" 2 1;
 .timescale 0 0;
    .port_info 0 /INPUT 1 "clk";
    .port_info 1 /INPUT 1 "reset";
    .port_info 2 /INPUT 1 "load";
    .port_info 3 /INPUT 8 "din";
    .port_info 4 /OUTPUT 1 "dout";
P_000002dc9128cbb0 .param/l "WIDTH" 0 2 2, +C4<00000000000000000000000000001000>;
L_000002dc912a2f30 .functor BUFZ 1, v000002dc9128bc60_0, C4<0>, C4<0>, C4<0>;
o000002dc912d6fa8 .functor BUFZ 1, C4<z>; HiZ drive
v000002dc912a32c0_0 .net "clk", 0 0, o000002dc912d6fa8;  0 drivers
o000002dc912d6fd8 .functor BUFZ 8, C4<zzzzzzzz>; HiZ drive
v000002dc912a2e90_0 .net "din", 7 0, o000002dc912d6fd8;  0 drivers
v000002dc9128bbc0_0 .net "dout", 0 0, L_000002dc912a2f30;  1 drivers
v000002dc9128bc60_0 .var "dout_reg", 0 0;
o000002dc912d7068 .functor BUFZ 1, C4<z>; HiZ drive
v000002dc912d40f0_0 .net "load", 0 0, o000002dc912d7068;  0 drivers
o000002dc912d7098 .functor BUFZ 1, C4<z>; HiZ drive
v000002dc912d4190_0 .net "reset", 0 0, o000002dc912d7098;  0 drivers
v000002dc912d4230_0 .var "shift_reg", 7 0;
E_000002dc9128c970 .event posedge, v000002dc912d4190_0, v000002dc912a32c0_0;
    .scope S_000002dc91288e00;
T_0 ;
    %wait E_000002dc9128c970;
    %load/vec4 v000002dc912d4190_0;
    %flag_set/vec4 8;
    %jmp/0xz  T_0.0, 8;
    %pushi/vec4 0, 0, 8;
    %assign/vec4 v000002dc912d4230_0, 0;
    %pushi/vec4 0, 0, 1;
    %assign/vec4 v000002dc9128bc60_0, 0;
    %jmp T_0.1;
T_0.0 ;
    %load/vec4 v000002dc912d40f0_0;
    %flag_set/vec4 8;
    %jmp/0xz  T_0.2, 8;
    %load/vec4 v000002dc912a2e90_0;
    %assign/vec4 v000002dc912d4230_0, 0;
    %load/vec4 v000002dc912a2e90_0;
    %parti/s 1, 7, 4;
    %assign/vec4 v000002dc9128bc60_0, 0;
    %jmp T_0.3;
T_0.2 ;
    %load/vec4 v000002dc912d4230_0;
    %parti/s 7, 0, 2;
    %concati/vec4 0, 0, 1;
    %assign/vec4 v000002dc912d4230_0, 0;
    %load/vec4 v000002dc912d4230_0;
    %parti/s 1, 7, 4;
    %assign/vec4 v000002dc9128bc60_0, 0;
T_0.3 ;
T_0.1 ;
    %jmp T_0;
    .thread T_0;
# The file index is used to find the file name in the following table.
:file_names 3;
    "N/A";
    "<interactive>";
    "reg-piso.v";
