#! /c/Source/iverilog-install/bin/vvp
:ivl_version "12.0 (devel)" "(s20150603-1110-g18392a46)";
:ivl_delay_selection "TYPICAL";
:vpi_time_precision - 12;
:vpi_module "C:\iverilog\lib\ivl\system.vpi";
:vpi_module "C:\iverilog\lib\ivl\vhdl_sys.vpi";
:vpi_module "C:\iverilog\lib\ivl\vhdl_textio.vpi";
:vpi_module "C:\iverilog\lib\ivl\v2005_math.vpi";
:vpi_module "C:\iverilog\lib\ivl\va_math.vpi";
S_0000028570f0a0e0 .scope module, "piso_register_tb" "piso_register_tb" 2 4;
 .timescale -9 -12;
P_0000028570f23100 .param/l "CLK_PERIOD" 0 2 8, +C4<00000000000000000000000000001010>;
P_0000028570f23138 .param/l "WIDTH" 0 2 7, +C4<00000000000000000000000000001000>;
v0000028570f0dd40_0 .var "clk", 0 0;
v0000028570fa8870_0 .var "din", 7 0;
v0000028570fa8910_0 .net "dout", 0 0, L_0000028570f49ed0;  1 drivers
v0000028570fa89b0_0 .var "load", 0 0;
v0000028570fa8a50_0 .var "reset", 0 0;
S_0000028570f0d930 .scope module, "uut" "piso_register" 2 18, 3 1 0, S_0000028570f0a0e0;
 .timescale -9 -12;
    .port_info 0 /INPUT 1 "clk";
    .port_info 1 /INPUT 1 "reset";
    .port_info 2 /INPUT 1 "load";
    .port_info 3 /INPUT 8 "din";
    .port_info 4 /OUTPUT 1 "dout";
P_0000028570f47e80 .param/l "WIDTH" 0 3 2, +C4<00000000000000000000000000001000>;
L_0000028570f49ed0 .functor BUFZ 1, v0000028570f0dac0_0, C4<0>, C4<0>, C4<0>;
v0000028570f23300_0 .net "clk", 0 0, v0000028570f0dd40_0;  1 drivers
v0000028570f0b710_0 .net "din", 7 0, v0000028570fa8870_0;  1 drivers
v0000028570f22ed0_0 .net "dout", 0 0, L_0000028570f49ed0;  alias, 1 drivers
v0000028570f0dac0_0 .var "dout_reg", 0 0;
v0000028570f0db60_0 .net "load", 0 0, v0000028570fa89b0_0;  1 drivers
v0000028570f0dc00_0 .net "reset", 0 0, v0000028570fa8a50_0;  1 drivers
v0000028570f0dca0_0 .var "shift_reg", 7 0;
E_0000028570f47c00 .event posedge, v0000028570f0dc00_0, v0000028570f23300_0;
    .scope S_0000028570f0d930;
T_0 ;
    %wait E_0000028570f47c00;
    %load/vec4 v0000028570f0dc00_0;
    %flag_set/vec4 8;
    %jmp/0xz  T_0.0, 8;
    %pushi/vec4 0, 0, 8;
    %assign/vec4 v0000028570f0dca0_0, 0;
    %pushi/vec4 0, 0, 1;
    %assign/vec4 v0000028570f0dac0_0, 0;
    %jmp T_0.1;
T_0.0 ;
    %load/vec4 v0000028570f0db60_0;
    %flag_set/vec4 8;
    %jmp/0xz  T_0.2, 8;
    %load/vec4 v0000028570f0b710_0;
    %assign/vec4 v0000028570f0dca0_0, 0;
    %load/vec4 v0000028570f0b710_0;
    %parti/s 1, 7, 4;
    %assign/vec4 v0000028570f0dac0_0, 0;
    %jmp T_0.3;
T_0.2 ;
    %load/vec4 v0000028570f0dca0_0;
    %parti/s 7, 0, 2;
    %concati/vec4 0, 0, 1;
    %assign/vec4 v0000028570f0dca0_0, 0;
    %load/vec4 v0000028570f0dca0_0;
    %parti/s 1, 7, 4;
    %assign/vec4 v0000028570f0dac0_0, 0;
T_0.3 ;
T_0.1 ;
    %jmp T_0;
    .thread T_0;
    .scope S_0000028570f0a0e0;
T_1 ;
    %delay 5000, 0;
    %load/vec4 v0000028570f0dd40_0;
    %inv;
    %store/vec4 v0000028570f0dd40_0, 0, 1;
    %jmp T_1;
    .thread T_1;
    .scope S_0000028570f0a0e0;
T_2 ;
    %pushi/vec4 1, 0, 1;
    %store/vec4 v0000028570fa8a50_0, 0, 1;
    %pushi/vec4 0, 0, 1;
    %store/vec4 v0000028570f0dd40_0, 0, 1;
    %pushi/vec4 0, 0, 1;
    %store/vec4 v0000028570fa89b0_0, 0, 1;
    %pushi/vec4 0, 0, 8;
    %store/vec4 v0000028570fa8870_0, 0, 8;
    %delay 10000, 0;
    %pushi/vec4 0, 0, 1;
    %store/vec4 v0000028570fa8a50_0, 0, 1;
    %pushi/vec4 243, 0, 8;
    %store/vec4 v0000028570fa8870_0, 0, 8;
    %pushi/vec4 1, 0, 1;
    %store/vec4 v0000028570fa89b0_0, 0, 1;
    %delay 10000, 0;
    %pushi/vec4 0, 0, 1;
    %store/vec4 v0000028570fa89b0_0, 0, 1;
    %pushi/vec4 8, 0, 32;
T_2.0 %dup/vec4;
    %pushi/vec4 0, 0, 32;
    %cmp/s;
    %jmp/1xz T_2.1, 5;
    %jmp/1 T_2.1, 4;
    %pushi/vec4 1, 0, 32;
    %sub;
    %delay 10000, 0;
    %vpi_call 2 49 "$display", "%0t:reset:load:din:dout:%1b:%1b:%8b:%1b", $time, v0000028570fa8a50_0, v0000028570fa89b0_0, v0000028570fa8870_0, v0000028570fa8910_0 {0 0 0};
    %jmp T_2.0;
T_2.1 ;
    %pop/vec4 1;
    %pushi/vec4 109, 0, 8;
    %store/vec4 v0000028570fa8870_0, 0, 8;
    %pushi/vec4 1, 0, 1;
    %store/vec4 v0000028570fa89b0_0, 0, 1;
    %delay 10000, 0;
    %pushi/vec4 0, 0, 1;
    %store/vec4 v0000028570fa89b0_0, 0, 1;
    %pushi/vec4 8, 0, 32;
T_2.2 %dup/vec4;
    %pushi/vec4 0, 0, 32;
    %cmp/s;
    %jmp/1xz T_2.3, 5;
    %jmp/1 T_2.3, 4;
    %pushi/vec4 1, 0, 32;
    %sub;
    %delay 10000, 0;
    %vpi_call 2 57 "$display", "%0t:reset:load:din:dout:%1b:%1b:%8b:%1b", $time, v0000028570fa8a50_0, v0000028570fa89b0_0, v0000028570fa8870_0, v0000028570fa8910_0 {0 0 0};
    %jmp T_2.2;
T_2.3 ;
    %pop/vec4 1;
    %pushi/vec4 231, 0, 8;
    %store/vec4 v0000028570fa8870_0, 0, 8;
    %pushi/vec4 1, 0, 1;
    %store/vec4 v0000028570fa89b0_0, 0, 1;
    %delay 10000, 0;
    %pushi/vec4 0, 0, 1;
    %store/vec4 v0000028570fa89b0_0, 0, 1;
    %pushi/vec4 4, 0, 32;
T_2.4 %dup/vec4;
    %pushi/vec4 0, 0, 32;
    %cmp/s;
    %jmp/1xz T_2.5, 5;
    %jmp/1 T_2.5, 4;
    %pushi/vec4 1, 0, 32;
    %sub;
    %delay 10000, 0;
    %vpi_call 2 65 "$display", "%0t:reset:load:din:dout:%1b:%1b:%8b:%1b", $time, v0000028570fa8a50_0, v0000028570fa89b0_0, v0000028570fa8870_0, v0000028570fa8910_0 {0 0 0};
    %jmp T_2.4;
T_2.5 ;
    %pop/vec4 1;
    %pushi/vec4 1, 0, 1;
    %store/vec4 v0000028570fa8a50_0, 0, 1;
    %delay 10000, 0;
    %pushi/vec4 0, 0, 1;
    %store/vec4 v0000028570fa8a50_0, 0, 1;
    %pushi/vec4 2, 0, 32;
T_2.6 %dup/vec4;
    %pushi/vec4 0, 0, 32;
    %cmp/s;
    %jmp/1xz T_2.7, 5;
    %jmp/1 T_2.7, 4;
    %pushi/vec4 1, 0, 32;
    %sub;
    %delay 10000, 0;
    %vpi_call 2 68 "$display", "%0t:reset:load:din:dout:%1b:%1b:%8b:%1b", $time, v0000028570fa8a50_0, v0000028570fa89b0_0, v0000028570fa8870_0, v0000028570fa8910_0 {0 0 0};
    %jmp T_2.6;
T_2.7 ;
    %pop/vec4 1;
    %vpi_call 2 72 "$finish" {0 0 0};
    %end;
    .thread T_2;
# The file index is used to find the file name in the following table.
:file_names 4;
    "N/A";
    "<interactive>";
    "tb.v";
    "./reg-piso.v";
