#! /c/Source/iverilog-install/bin/vvp
:ivl_version "12.0 (devel)" "(s20150603-1110-g18392a46)";
:ivl_delay_selection "TYPICAL";
:vpi_time_precision + 0;
:vpi_module "C:\iverilog\lib\ivl\system.vpi";
:vpi_module "C:\iverilog\lib\ivl\vhdl_sys.vpi";
:vpi_module "C:\iverilog\lib\ivl\vhdl_textio.vpi";
:vpi_module "C:\iverilog\lib\ivl\v2005_math.vpi";
:vpi_module "C:\iverilog\lib\ivl\va_math.vpi";
S_0000021fa717ed50 .scope module, "divideby3FSM" "divideby3FSM" 2 1;
 .timescale 0 0;
    .port_info 0 /INPUT 1 "clk";
    .port_info 1 /INPUT 1 "reset";
    .port_info 2 /OUTPUT 1 "y";
P_0000021fa717eee0 .param/l "S0" 0 2 9, C4<00>;
P_0000021fa717ef18 .param/l "S1" 0 2 10, C4<01>;
P_0000021fa717ef50 .param/l "S2" 0 2 11, C4<10>;
L_0000021fa746baa8 .functor BUFT 1, C4<000>, C4<0>, C4<0>, C4<0>;
v0000021fa73f3380_0 .net/2u *"_ivl_0", 2 0, L_0000021fa746baa8;  1 drivers
o0000021fa7426fe8 .functor BUFZ 1, C4<z>; HiZ drive
v0000021fa73f2e90_0 .net "clk", 0 0, o0000021fa7426fe8;  0 drivers
v0000021fa746b820_0 .var "nextstate", 2 0;
o0000021fa7427048 .functor BUFZ 1, C4<z>; HiZ drive
v0000021fa746b8c0_0 .net "reset", 0 0, o0000021fa7427048;  0 drivers
v0000021fa746b960_0 .var "state", 2 0;
v0000021fa746ba00_0 .net "y", 0 0, L_0000021fa74b3ab0;  1 drivers
E_0000021fa717cc30 .event anyedge, v0000021fa746b960_0;
E_0000021fa717c4f0 .event posedge, v0000021fa746b8c0_0, v0000021fa73f2e90_0;
L_0000021fa74b3ab0 .cmp/eq 3, v0000021fa746b960_0, L_0000021fa746baa8;
    .scope S_0000021fa717ed50;
T_0 ;
    %wait E_0000021fa717c4f0;
    %load/vec4 v0000021fa746b8c0_0;
    %flag_set/vec4 8;
    %jmp/0xz  T_0.0, 8;
    %pushi/vec4 0, 0, 3;
    %assign/vec4 v0000021fa746b960_0, 0;
    %jmp T_0.1;
T_0.0 ;
    %load/vec4 v0000021fa746b820_0;
    %assign/vec4 v0000021fa746b960_0, 0;
T_0.1 ;
    %jmp T_0;
    .thread T_0;
    .scope S_0000021fa717ed50;
T_1 ;
    %wait E_0000021fa717cc30;
    %load/vec4 v0000021fa746b960_0;
    %dup/vec4;
    %pushi/vec4 0, 0, 3;
    %cmp/u;
    %jmp/1 T_1.0, 6;
    %dup/vec4;
    %pushi/vec4 1, 0, 3;
    %cmp/u;
    %jmp/1 T_1.1, 6;
    %dup/vec4;
    %pushi/vec4 2, 0, 3;
    %cmp/u;
    %jmp/1 T_1.2, 6;
    %pushi/vec4 0, 0, 3;
    %store/vec4 v0000021fa746b820_0, 0, 3;
    %jmp T_1.4;
T_1.0 ;
    %pushi/vec4 1, 0, 3;
    %store/vec4 v0000021fa746b820_0, 0, 3;
    %jmp T_1.4;
T_1.1 ;
    %pushi/vec4 2, 0, 3;
    %store/vec4 v0000021fa746b820_0, 0, 3;
    %jmp T_1.4;
T_1.2 ;
    %pushi/vec4 0, 0, 3;
    %store/vec4 v0000021fa746b820_0, 0, 3;
    %jmp T_1.4;
T_1.4 ;
    %pop/vec4 1;
    %jmp T_1;
    .thread T_1, $push;
# The file index is used to find the file name in the following table.
:file_names 3;
    "N/A";
    "<interactive>";
    "fsm-moor.v";
