#! /c/Source/iverilog-install/bin/vvp
:ivl_version "12.0 (devel)" "(s20150603-1110-g18392a46)";
:ivl_delay_selection "TYPICAL";
:vpi_time_precision - 12;
:vpi_module "C:\iverilog\lib\ivl\system.vpi";
:vpi_module "C:\iverilog\lib\ivl\vhdl_sys.vpi";
:vpi_module "C:\iverilog\lib\ivl\vhdl_textio.vpi";
:vpi_module "C:\iverilog\lib\ivl\v2005_math.vpi";
:vpi_module "C:\iverilog\lib\ivl\va_math.vpi";
S_000002902e0cb030 .scope module, "tb" "tb" 2 4;
 .timescale -9 -12;
v000002902e0cd0a0_0 .var "clk", 0 0;
v000002902e0cd140_0 .var "reset", 0 0;
v000002902df238f0_0 .net "y", 0 0, L_000002902df23990;  1 drivers
S_000002902e0ccd30 .scope module, "uut" "divideby3FSM" 2 15, 3 1 0, S_000002902e0cb030;
 .timescale -9 -12;
    .port_info 0 /INPUT 1 "clk";
    .port_info 1 /INPUT 1 "reset";
    .port_info 2 /OUTPUT 1 "y";
P_000002902e0c7ec0 .param/l "S0" 0 3 9, C4<00>;
P_000002902e0c7ef8 .param/l "S1" 0 3 10, C4<01>;
P_000002902e0c7f30 .param/l "S2" 0 3 11, C4<10>;
L_000002902df71838 .functor BUFT 1, C4<000>, C4<0>, C4<0>, C4<0>;
v000002902def33c0_0 .net/2u *"_ivl_0", 2 0, L_000002902df71838;  1 drivers
v000002902def2ed0_0 .net "clk", 0 0, v000002902e0cd0a0_0;  1 drivers
v000002902e0ca370_0 .var "nextstate", 2 0;
v000002902e0ccec0_0 .net "reset", 0 0, v000002902e0cd140_0;  1 drivers
v000002902e0ccf60_0 .var "state", 2 0;
v000002902e0cd000_0 .net "y", 0 0, L_000002902df23990;  alias, 1 drivers
E_000002902df27e40 .event anyedge, v000002902e0ccf60_0;
E_000002902df286c0 .event posedge, v000002902e0ccec0_0, v000002902def2ed0_0;
L_000002902df23990 .cmp/eq 3, v000002902e0ccf60_0, L_000002902df71838;
    .scope S_000002902e0ccd30;
T_0 ;
    %wait E_000002902df286c0;
    %load/vec4 v000002902e0ccec0_0;
    %flag_set/vec4 8;
    %jmp/0xz  T_0.0, 8;
    %pushi/vec4 0, 0, 3;
    %assign/vec4 v000002902e0ccf60_0, 0;
    %jmp T_0.1;
T_0.0 ;
    %load/vec4 v000002902e0ca370_0;
    %assign/vec4 v000002902e0ccf60_0, 0;
T_0.1 ;
    %jmp T_0;
    .thread T_0;
    .scope S_000002902e0ccd30;
T_1 ;
    %wait E_000002902df27e40;
    %load/vec4 v000002902e0ccf60_0;
    %dup/vec4;
    %pushi/vec4 0, 0, 3;
    %cmp/u;
    %jmp/1 T_1.0, 6;
    %dup/vec4;
    %pushi/vec4 1, 0, 3;
    %cmp/u;
    %jmp/1 T_1.1, 6;
    %dup/vec4;
    %pushi/vec4 2, 0, 3;
    %cmp/u;
    %jmp/1 T_1.2, 6;
    %pushi/vec4 0, 0, 3;
    %store/vec4 v000002902e0ca370_0, 0, 3;
    %jmp T_1.4;
T_1.0 ;
    %pushi/vec4 1, 0, 3;
    %store/vec4 v000002902e0ca370_0, 0, 3;
    %jmp T_1.4;
T_1.1 ;
    %pushi/vec4 2, 0, 3;
    %store/vec4 v000002902e0ca370_0, 0, 3;
    %jmp T_1.4;
T_1.2 ;
    %pushi/vec4 0, 0, 3;
    %store/vec4 v000002902e0ca370_0, 0, 3;
    %jmp T_1.4;
T_1.4 ;
    %pop/vec4 1;
    %jmp T_1;
    .thread T_1, $push;
    .scope S_000002902e0cb030;
T_2 ;
    %pushi/vec4 0, 0, 1;
    %store/vec4 v000002902e0cd0a0_0, 0, 1;
T_2.0 ;
    %delay 10000, 0;
    %load/vec4 v000002902e0cd0a0_0;
    %inv;
    %store/vec4 v000002902e0cd0a0_0, 0, 1;
    %jmp T_2.0;
    %end;
    .thread T_2;
    .scope S_000002902e0cb030;
T_3 ;
    %pushi/vec4 1, 0, 1;
    %store/vec4 v000002902e0cd140_0, 0, 1;
    %delay 20000, 0;
    %pushi/vec4 0, 0, 1;
    %store/vec4 v000002902e0cd140_0, 0, 1;
    %delay 10000, 0;
    %delay 10000, 0;
    %delay 10000, 0;
    %delay 10000, 0;
    %delay 10000, 0;
    %delay 10000, 0;
    %delay 10000, 0;
    %delay 10000, 0;
    %delay 10000, 0;
    %delay 10000, 0;
    %delay 10000, 0;
    %delay 10000, 0;
    %delay 10000, 0;
    %delay 10000, 0;
    %delay 10000, 0;
    %delay 10000, 0;
    %delay 10000, 0;
    %delay 10000, 0;
    %delay 10000, 0;
    %delay 10000, 0;
    %delay 10000, 0;
    %delay 10000, 0;
    %vpi_call 2 33 "$finish" {0 0 0};
    %end;
    .thread T_3;
    .scope S_000002902e0cb030;
T_4 ;
    %vpi_call 2 38 "$monitor", "Time = %0t %b", $time, v000002902df238f0_0 {0 0 0};
    %end;
    .thread T_4;
    .scope S_000002902e0cb030;
T_5 ;
    %vpi_call 2 43 "$dumpfile", "dump.vcd" {0 0 0};
    %vpi_call 2 44 "$dumpvars", 32'sb00000000000000000000000000000000, S_000002902e0cb030 {0 0 0};
    %end;
    .thread T_5;
# The file index is used to find the file name in the following table.
:file_names 4;
    "N/A";
    "<interactive>";
    "tb.v";
    "./fsm-moor.v";
