#! /c/Source/iverilog-install/bin/vvp
:ivl_version "12.0 (devel)" "(s20150603-1110-g18392a46)";
:ivl_delay_selection "TYPICAL";
:vpi_time_precision - 12;
:vpi_module "C:\iverilog\lib\ivl\system.vpi";
:vpi_module "C:\iverilog\lib\ivl\vhdl_sys.vpi";
:vpi_module "C:\iverilog\lib\ivl\vhdl_textio.vpi";
:vpi_module "C:\iverilog\lib\ivl\v2005_math.vpi";
:vpi_module "C:\iverilog\lib\ivl\va_math.vpi";
S_0000024257ccd740 .scope module, "UniversalShiftRegister_tb" "UniversalShiftRegister_tb" 2 4;
 .timescale -9 -12;
v0000024257ccbbe0_0 .var "D", 3 0;
v0000024257ccbc80_0 .net "Q", 3 0, v0000024257b630a0_0;  1 drivers
v0000024257ccbd20_0 .var "S", 1 0;
v0000024257ccbdc0_0 .var "clk", 0 0;
v0000024257ccbe60_0 .var "left_in", 0 0;
v0000024257ccbf00_0 .var "reset", 0 0;
v0000024257be2020_0 .var "right_in", 0 0;
S_0000024257ccd8d0 .scope module, "uut" "UniversalShiftRegister" 2 18, 3 1 0, S_0000024257ccd740;
 .timescale -9 -12;
    .port_info 0 /INPUT 1 "clk";
    .port_info 1 /INPUT 1 "reset";
    .port_info 2 /INPUT 2 "S";
    .port_info 3 /INPUT 4 "D";
    .port_info 4 /INPUT 1 "left_in";
    .port_info 5 /INPUT 1 "right_in";
    .port_info 6 /OUTPUT 4 "Q";
v0000024257b62e80_0 .net "D", 3 0, v0000024257ccbbe0_0;  1 drivers
v0000024257b630a0_0 .var "Q", 3 0;
v0000024257b84c20_0 .net "S", 1 0, v0000024257ccbd20_0;  1 drivers
v0000024257b94730_0 .net "clk", 0 0, v0000024257ccbdc0_0;  1 drivers
v0000024257b62bb0_0 .net "left_in", 0 0, v0000024257ccbe60_0;  1 drivers
v0000024257ccbaa0_0 .net "reset", 0 0, v0000024257ccbf00_0;  1 drivers
v0000024257ccbb40_0 .net "right_in", 0 0, v0000024257be2020_0;  1 drivers
E_0000024257ccac60 .event posedge, v0000024257ccbaa0_0, v0000024257b94730_0;
    .scope S_0000024257ccd8d0;
T_0 ;
    %wait E_0000024257ccac60;
    %load/vec4 v0000024257ccbaa0_0;
    %flag_set/vec4 8;
    %jmp/0xz  T_0.0, 8;
    %pushi/vec4 0, 0, 4;
    %assign/vec4 v0000024257b630a0_0, 0;
    %jmp T_0.1;
T_0.0 ;
    %load/vec4 v0000024257b84c20_0;
    %dup/vec4;
    %pushi/vec4 0, 0, 2;
    %cmp/u;
    %jmp/1 T_0.2, 6;
    %dup/vec4;
    %pushi/vec4 1, 0, 2;
    %cmp/u;
    %jmp/1 T_0.3, 6;
    %dup/vec4;
    %pushi/vec4 2, 0, 2;
    %cmp/u;
    %jmp/1 T_0.4, 6;
    %dup/vec4;
    %pushi/vec4 3, 0, 2;
    %cmp/u;
    %jmp/1 T_0.5, 6;
    %load/vec4 v0000024257b630a0_0;
    %assign/vec4 v0000024257b630a0_0, 0;
    %jmp T_0.7;
T_0.2 ;
    %load/vec4 v0000024257b630a0_0;
    %assign/vec4 v0000024257b630a0_0, 0;
    %jmp T_0.7;
T_0.3 ;
    %load/vec4 v0000024257ccbb40_0;
    %load/vec4 v0000024257b630a0_0;
    %parti/s 3, 1, 2;
    %concat/vec4; draw_concat_vec4
    %assign/vec4 v0000024257b630a0_0, 0;
    %jmp T_0.7;
T_0.4 ;
    %load/vec4 v0000024257b630a0_0;
    %parti/s 3, 0, 2;
    %load/vec4 v0000024257b62bb0_0;
    %concat/vec4; draw_concat_vec4
    %assign/vec4 v0000024257b630a0_0, 0;
    %jmp T_0.7;
T_0.5 ;
    %load/vec4 v0000024257b62e80_0;
    %assign/vec4 v0000024257b630a0_0, 0;
    %jmp T_0.7;
T_0.7 ;
    %pop/vec4 1;
T_0.1 ;
    %jmp T_0;
    .thread T_0;
    .scope S_0000024257ccd740;
T_1 ;
    %delay 5000, 0;
    %load/vec4 v0000024257ccbdc0_0;
    %inv;
    %store/vec4 v0000024257ccbdc0_0, 0, 1;
    %jmp T_1;
    .thread T_1;
    .scope S_0000024257ccd740;
T_2 ;
    %pushi/vec4 0, 0, 1;
    %store/vec4 v0000024257ccbdc0_0, 0, 1;
    %pushi/vec4 1, 0, 1;
    %store/vec4 v0000024257ccbf00_0, 0, 1;
    %pushi/vec4 0, 0, 2;
    %store/vec4 v0000024257ccbd20_0, 0, 2;
    %pushi/vec4 0, 0, 4;
    %store/vec4 v0000024257ccbbe0_0, 0, 4;
    %pushi/vec4 0, 0, 1;
    %store/vec4 v0000024257ccbe60_0, 0, 1;
    %pushi/vec4 0, 0, 1;
    %store/vec4 v0000024257be2020_0, 0, 1;
    %delay 10000, 0;
    %pushi/vec4 0, 0, 1;
    %store/vec4 v0000024257ccbf00_0, 0, 1;
    %pushi/vec4 3, 0, 2;
    %store/vec4 v0000024257ccbd20_0, 0, 2;
    %pushi/vec4 13, 0, 4;
    %store/vec4 v0000024257ccbbe0_0, 0, 4;
    %delay 10000, 0;
    %vpi_call 2 46 "$display", "Parallel Load: Q = %b (Expected: 1101)", v0000024257ccbc80_0 {0 0 0};
    %pushi/vec4 1, 0, 2;
    %store/vec4 v0000024257ccbd20_0, 0, 2;
    %pushi/vec4 1, 0, 1;
    %store/vec4 v0000024257be2020_0, 0, 1;
    %delay 10000, 0;
    %vpi_call 2 51 "$display", "Right Shift: Q = %b (Expected: 1110)", v0000024257ccbc80_0 {0 0 0};
    %pushi/vec4 2, 0, 2;
    %store/vec4 v0000024257ccbd20_0, 0, 2;
    %pushi/vec4 0, 0, 1;
    %store/vec4 v0000024257ccbe60_0, 0, 1;
    %delay 10000, 0;
    %vpi_call 2 56 "$display", "Left Shift: Q = %b (Expected: 1100)", v0000024257ccbc80_0 {0 0 0};
    %pushi/vec4 0, 0, 2;
    %store/vec4 v0000024257ccbd20_0, 0, 2;
    %delay 10000, 0;
    %vpi_call 2 60 "$display", "Hold: Q = %b (Expected: 1100)", v0000024257ccbc80_0 {0 0 0};
    %delay 10000, 0;
    %vpi_call 2 63 "$finish" {0 0 0};
    %end;
    .thread T_2;
# The file index is used to find the file name in the following table.
:file_names 4;
    "N/A";
    "<interactive>";
    "tb.v";
    "./usr.v";
