#! /c/Source/iverilog-install/bin/vvp
:ivl_version "12.0 (devel)" "(s20150603-1110-g18392a46)";
:ivl_delay_selection "TYPICAL";
:vpi_time_precision + 0;
:vpi_module "C:\iverilog\lib\ivl\system.vpi";
:vpi_module "C:\iverilog\lib\ivl\vhdl_sys.vpi";
:vpi_module "C:\iverilog\lib\ivl\vhdl_textio.vpi";
:vpi_module "C:\iverilog\lib\ivl\v2005_math.vpi";
:vpi_module "C:\iverilog\lib\ivl\va_math.vpi";
S_0000023b9f822880 .scope module, "UniversalShiftRegister" "UniversalShiftRegister" 2 1;
 .timescale 0 0;
    .port_info 0 /INPUT 1 "clk";
    .port_info 1 /INPUT 1 "reset";
    .port_info 2 /INPUT 2 "S";
    .port_info 3 /INPUT 4 "D";
    .port_info 4 /INPUT 1 "left_in";
    .port_info 5 /INPUT 1 "right_in";
    .port_info 6 /OUTPUT 4 "Q";
o0000023b9f856fd8 .functor BUFZ 4, C4<zzzz>; HiZ drive
v0000023b9f823060_0 .net "D", 3 0, o0000023b9f856fd8;  0 drivers
v0000023b9f80bdb0_0 .var "Q", 3 0;
o0000023b9f857038 .functor BUFZ 2, C4<zz>; HiZ drive
v0000023b9f80be50_0 .net "S", 1 0, o0000023b9f857038;  0 drivers
o0000023b9f857068 .functor BUFZ 1, C4<z>; HiZ drive
v0000023b9f80bef0_0 .net "clk", 0 0, o0000023b9f857068;  0 drivers
o0000023b9f857098 .functor BUFZ 1, C4<z>; HiZ drive
v0000023b9f822a10_0 .net "left_in", 0 0, o0000023b9f857098;  0 drivers
o0000023b9f8570c8 .functor BUFZ 1, C4<z>; HiZ drive
v0000023b9f822ab0_0 .net "reset", 0 0, o0000023b9f8570c8;  0 drivers
o0000023b9f8570f8 .functor BUFZ 1, C4<z>; HiZ drive
v0000023b9f822b50_0 .net "right_in", 0 0, o0000023b9f8570f8;  0 drivers
E_0000023b9f80c6b0 .event posedge, v0000023b9f822ab0_0, v0000023b9f80bef0_0;
    .scope S_0000023b9f822880;
T_0 ;
    %wait E_0000023b9f80c6b0;
    %load/vec4 v0000023b9f822ab0_0;
    %flag_set/vec4 8;
    %jmp/0xz  T_0.0, 8;
    %pushi/vec4 0, 0, 4;
    %assign/vec4 v0000023b9f80bdb0_0, 0;
    %jmp T_0.1;
T_0.0 ;
    %load/vec4 v0000023b9f80be50_0;
    %dup/vec4;
    %pushi/vec4 0, 0, 2;
    %cmp/u;
    %jmp/1 T_0.2, 6;
    %dup/vec4;
    %pushi/vec4 1, 0, 2;
    %cmp/u;
    %jmp/1 T_0.3, 6;
    %dup/vec4;
    %pushi/vec4 2, 0, 2;
    %cmp/u;
    %jmp/1 T_0.4, 6;
    %dup/vec4;
    %pushi/vec4 3, 0, 2;
    %cmp/u;
    %jmp/1 T_0.5, 6;
    %load/vec4 v0000023b9f80bdb0_0;
    %assign/vec4 v0000023b9f80bdb0_0, 0;
    %jmp T_0.7;
T_0.2 ;
    %load/vec4 v0000023b9f80bdb0_0;
    %assign/vec4 v0000023b9f80bdb0_0, 0;
    %jmp T_0.7;
T_0.3 ;
    %load/vec4 v0000023b9f822b50_0;
    %load/vec4 v0000023b9f80bdb0_0;
    %parti/s 3, 1, 2;
    %concat/vec4; draw_concat_vec4
    %assign/vec4 v0000023b9f80bdb0_0, 0;
    %jmp T_0.7;
T_0.4 ;
    %load/vec4 v0000023b9f80bdb0_0;
    %parti/s 3, 0, 2;
    %load/vec4 v0000023b9f822a10_0;
    %concat/vec4; draw_concat_vec4
    %assign/vec4 v0000023b9f80bdb0_0, 0;
    %jmp T_0.7;
T_0.5 ;
    %load/vec4 v0000023b9f823060_0;
    %assign/vec4 v0000023b9f80bdb0_0, 0;
    %jmp T_0.7;
T_0.7 ;
    %pop/vec4 1;
T_0.1 ;
    %jmp T_0;
    .thread T_0;
# The file index is used to find the file name in the following table.
:file_names 3;
    "N/A";
    "<interactive>";
    "usr.v";
