#! /c/Source/iverilog-install/bin/vvp
:ivl_version "12.0 (devel)" "(s20150603-1110-g18392a46)";
:ivl_delay_selection "TYPICAL";
:vpi_time_precision + 0;
:vpi_module "C:\iverilog\lib\ivl\system.vpi";
:vpi_module "C:\iverilog\lib\ivl\vhdl_sys.vpi";
:vpi_module "C:\iverilog\lib\ivl\vhdl_textio.vpi";
:vpi_module "C:\iverilog\lib\ivl\v2005_math.vpi";
:vpi_module "C:\iverilog\lib\ivl\va_math.vpi";
S_000001a588122ce0 .scope module, "mux_2to1" "mux_2to1" 2 5;
 .timescale 0 0;
    .port_info 0 /INPUT 1 "a";
    .port_info 1 /INPUT 1 "b";
    .port_info 2 /INPUT 1 "se";
    .port_info 3 /INPUT 1 "en";
    .port_info 4 /OUTPUT 1 "y";
v000001a5881235d0_0 .net *"_ivl_0", 0 0, L_000001a58810da10;  1 drivers
o000001a588156ee8 .functor BUFZ 1, C4<z>; HiZ drive
; Elide local net with no drivers, v000001a588122e70_0 name=_ivl_2
o000001a588156f18 .functor BUFZ 1, C4<z>; HiZ drive
v000001a588122f10_0 .net "a", 0 0, o000001a588156f18;  0 drivers
o000001a588156f48 .functor BUFZ 1, C4<z>; HiZ drive
v000001a588122fb0_0 .net "b", 0 0, o000001a588156f48;  0 drivers
o000001a588156f78 .functor BUFZ 1, C4<z>; HiZ drive
v000001a588123050_0 .net "en", 0 0, o000001a588156f78;  0 drivers
o000001a588156fa8 .functor BUFZ 1, C4<z>; HiZ drive
v000001a5881230f0_0 .net "se", 0 0, o000001a588156fa8;  0 drivers
v000001a58810d970_0 .net "y", 0 0, L_000001a58810dab0;  1 drivers
L_000001a58810da10 .functor MUXZ 1, o000001a588156f48, o000001a588156f18, o000001a588156fa8, C4<>;
L_000001a58810dab0 .functor MUXZ 1, o000001a588156ee8, L_000001a58810da10, o000001a588156f78, C4<>;
# The file index is used to find the file name in the following table.
:file_names 3;
    "N/A";
    "<interactive>";
    "mux_2to1.v";
