#! /c/Source/iverilog-install/bin/vvp
:ivl_version "12.0 (devel)" "(s20150603-1110-g18392a46)";
:ivl_delay_selection "TYPICAL";
:vpi_time_precision + 0;
:vpi_module "C:\iverilog\lib\ivl\system.vpi";
:vpi_module "C:\iverilog\lib\ivl\vhdl_sys.vpi";
:vpi_module "C:\iverilog\lib\ivl\vhdl_textio.vpi";
:vpi_module "C:\iverilog\lib\ivl\v2005_math.vpi";
:vpi_module "C:\iverilog\lib\ivl\va_math.vpi";
S_000001f3befc2830 .scope module, "button1" "button1" 2 1;
 .timescale 0 0;
    .port_info 0 /INPUT 1 "reset";
    .port_info 1 /INPUT 1 "clk";
    .port_info 2 /INPUT 1 "button";
    .port_info 3 /OUTPUT 1 "led";
P_000001f3befc29c0 .param/l "BTN_PRESSED" 0 2 11, C4<1>;
P_000001f3befc29f8 .param/l "BTN_RELEASAED" 0 2 12, C4<0>;
P_000001f3befc2a30 .param/l "OFF" 0 2 9, C4<0>;
P_000001f3befc2a68 .param/l "ON" 0 2 8, C4<1>;
P_000001f3befc2aa0 .param/l "STATE_LED_OFF" 0 2 15, C4<0>;
P_000001f3befc2ad8 .param/l "STATE_LED_ON" 0 2 14, C4<1>;
o000001f3beff6f98 .functor BUFZ 1, C4<z>; HiZ drive
v000001f3befc2dd0_0 .net "button", 0 0, o000001f3beff6f98;  0 drivers
o000001f3beff6fc8 .functor BUFZ 1, C4<z>; HiZ drive
v000001f3befc2b20_0 .net "clk", 0 0, o000001f3beff6fc8;  0 drivers
v000001f3befabb30_0 .var "led", 0 0;
o000001f3beff7028 .functor BUFZ 1, C4<z>; HiZ drive
v000001f3befabbd0_0 .net "reset", 0 0, o000001f3beff7028;  0 drivers
v000001f3befabc70_0 .var "state", 0 0;
E_000001f3beff63b0/0 .event anyedge, v000001f3befabbd0_0;
E_000001f3beff63b0/1 .event posedge, v000001f3befc2b20_0;
E_000001f3beff63b0 .event/or E_000001f3beff63b0/0, E_000001f3beff63b0/1;
    .scope S_000001f3befc2830;
T_0 ;
    %wait E_000001f3beff63b0;
    %load/vec4 v000001f3befabbd0_0;
    %flag_set/vec4 8;
    %jmp/0xz  T_0.0, 8;
    %pushi/vec4 0, 0, 1;
    %assign/vec4 v000001f3befabb30_0, 0;
    %pushi/vec4 0, 0, 1;
    %assign/vec4 v000001f3befabc70_0, 0;
    %jmp T_0.1;
T_0.0 ;
    %load/vec4 v000001f3befabc70_0;
    %dup/vec4;
    %pushi/vec4 1, 0, 1;
    %cmp/u;
    %jmp/1 T_0.2, 6;
    %dup/vec4;
    %pushi/vec4 0, 0, 1;
    %cmp/u;
    %jmp/1 T_0.3, 6;
    %pushi/vec4 0, 0, 1;
    %assign/vec4 v000001f3befabb30_0, 0;
    %pushi/vec4 0, 0, 1;
    %assign/vec4 v000001f3befabc70_0, 0;
    %jmp T_0.5;
T_0.2 ;
    %load/vec4 v000001f3befc2dd0_0;
    %cmpi/e 0, 0, 1;
    %jmp/0xz  T_0.6, 4;
    %pushi/vec4 0, 0, 1;
    %assign/vec4 v000001f3befabc70_0, 0;
    %pushi/vec4 0, 0, 1;
    %assign/vec4 v000001f3befabb30_0, 0;
T_0.6 ;
    %jmp T_0.5;
T_0.3 ;
    %load/vec4 v000001f3befc2dd0_0;
    %cmpi/e 1, 0, 1;
    %jmp/0xz  T_0.8, 4;
    %pushi/vec4 1, 0, 1;
    %assign/vec4 v000001f3befabc70_0, 0;
    %pushi/vec4 1, 0, 1;
    %assign/vec4 v000001f3befabb30_0, 0;
T_0.8 ;
    %jmp T_0.5;
T_0.5 ;
    %pop/vec4 1;
T_0.1 ;
    %jmp T_0;
    .thread T_0;
# The file index is used to find the file name in the following table.
:file_names 3;
    "N/A";
    "<interactive>";
    "button1.v";
