#! /c/Source/iverilog-install/bin/vvp
:ivl_version "12.0 (devel)" "(s20150603-1110-g18392a46)";
:ivl_delay_selection "TYPICAL";
:vpi_time_precision + 0;
:vpi_module "C:\iverilog\lib\ivl\system.vpi";
:vpi_module "C:\iverilog\lib\ivl\vhdl_sys.vpi";
:vpi_module "C:\iverilog\lib\ivl\vhdl_textio.vpi";
:vpi_module "C:\iverilog\lib\ivl\v2005_math.vpi";
:vpi_module "C:\iverilog\lib\ivl\va_math.vpi";
S_000002677ea62ba0 .scope module, "button" "button" 2 1;
 .timescale 0 0;
    .port_info 0 /INPUT 1 "reset";
    .port_info 1 /INPUT 1 "clk";
    .port_info 2 /INPUT 1 "button_in";
    .port_info 3 /INPUT 1 "clear";
    .port_info 4 /OUTPUT 1 "led_status";
P_000002677ea62d30 .param/l "BTN_PRESSED" 0 2 12, +C4<00000000000000000000000000000000>;
P_000002677ea62d68 .param/l "BTN_RELEASED" 0 2 13, +C4<00000000000000000000000000000001>;
P_000002677ea62da0 .param/l "LED_OFF" 0 2 15, C4<0>;
P_000002677ea62dd8 .param/l "LED_ON" 0 2 14, C4<1>;
o000002677ea96fb8 .functor BUFZ 1, C4<z>; HiZ drive
v000002677ea63140_0 .net "button_in", 0 0, o000002677ea96fb8;  0 drivers
v000002677ea62e20_0 .var "button_status", 0 0;
o000002677ea97018 .functor BUFZ 1, C4<z>; HiZ drive
v000002677ea62ec0_0 .net "clear", 0 0, o000002677ea97018;  0 drivers
o000002677ea97048 .functor BUFZ 1, C4<z>; HiZ drive
v000002677ebbbb60_0 .net "clk", 0 0, o000002677ea97048;  0 drivers
v000002677ebbbc00_0 .var "led_status", 0 0;
o000002677ea970a8 .functor BUFZ 1, C4<z>; HiZ drive
v000002677eadd830_0 .net "reset", 0 0, o000002677ea970a8;  0 drivers
E_000002677ea95fb0/0 .event anyedge, v000002677eadd830_0;
E_000002677ea95fb0/1 .event posedge, v000002677ebbbb60_0;
E_000002677ea95fb0 .event/or E_000002677ea95fb0/0, E_000002677ea95fb0/1;
    .scope S_000002677ea62ba0;
T_0 ;
    %wait E_000002677ea95fb0;
    %load/vec4 v000002677eadd830_0;
    %flag_set/vec4 8;
    %jmp/0xz  T_0.0, 8;
    %pushi/vec4 0, 0, 1;
    %assign/vec4 v000002677ebbbc00_0, 0;
    %pushi/vec4 1, 0, 1;
    %assign/vec4 v000002677ea62e20_0, 0;
    %jmp T_0.1;
T_0.0 ;
    %load/vec4 v000002677ea62ec0_0;
    %flag_set/vec4 8;
    %jmp/0xz  T_0.2, 8;
    %pushi/vec4 0, 0, 1;
    %assign/vec4 v000002677ebbbc00_0, 0;
    %jmp T_0.3;
T_0.2 ;
    %load/vec4 v000002677ea62e20_0;
    %dup/vec4;
    %pushi/vec4 1, 0, 1;
    %cmp/u;
    %jmp/1 T_0.4, 6;
    %dup/vec4;
    %pushi/vec4 0, 0, 1;
    %cmp/u;
    %jmp/1 T_0.5, 6;
    %pushi/vec4 1, 0, 1;
    %assign/vec4 v000002677ea62e20_0, 0;
    %pushi/vec4 0, 0, 1;
    %assign/vec4 v000002677ebbbc00_0, 0;
    %jmp T_0.7;
T_0.4 ;
    %load/vec4 v000002677ea63140_0;
    %flag_set/vec4 8;
    %jmp/0xz  T_0.8, 8;
    %pushi/vec4 0, 0, 1;
    %assign/vec4 v000002677ea62e20_0, 0;
    %jmp T_0.9;
T_0.8 ;
    %pushi/vec4 0, 0, 1;
    %assign/vec4 v000002677ebbbc00_0, 0;
T_0.9 ;
    %jmp T_0.7;
T_0.5 ;
    %load/vec4 v000002677ea63140_0;
    %nor/r;
    %flag_set/vec4 8;
    %jmp/0xz  T_0.10, 8;
    %pushi/vec4 1, 0, 1;
    %assign/vec4 v000002677ea62e20_0, 0;
    %jmp T_0.11;
T_0.10 ;
    %pushi/vec4 1, 0, 1;
    %assign/vec4 v000002677ebbbc00_0, 0;
T_0.11 ;
    %jmp T_0.7;
T_0.7 ;
    %pop/vec4 1;
T_0.3 ;
T_0.1 ;
    %jmp T_0;
    .thread T_0;
# The file index is used to find the file name in the following table.
:file_names 3;
    "N/A";
    "<interactive>";
    "button.v";
