#! /c/Source/iverilog-install/bin/vvp
:ivl_version "12.0 (devel)" "(s20150603-1110-g18392a46)";
:ivl_delay_selection "TYPICAL";
:vpi_time_precision - 12;
:vpi_module "C:\iverilog\lib\ivl\system.vpi";
:vpi_module "C:\iverilog\lib\ivl\vhdl_sys.vpi";
:vpi_module "C:\iverilog\lib\ivl\vhdl_textio.vpi";
:vpi_module "C:\iverilog\lib\ivl\v2005_math.vpi";
:vpi_module "C:\iverilog\lib\ivl\va_math.vpi";
S_0000024bbd9fe2b0 .scope module, "tb" "tb" 2 4;
 .timescale -9 -12;
v0000024bbdca3720_0 .var "button_in", 0 0;
v0000024bbdca37c0_0 .var "clear", 0 0;
v0000024bbdca3860_0 .var "clk", 0 0;
v0000024bbdca3900_0 .net "led_status", 0 0, v0000024bbdc72ed0_0;  1 drivers
v0000024bbdca39a0_0 .var "reset", 0 0;
S_0000024bbd9fe440 .scope module, "uut" "button" 2 14, 3 1 0, S_0000024bbd9fe2b0;
 .timescale -9 -12;
    .port_info 0 /INPUT 1 "reset";
    .port_info 1 /INPUT 1 "clk";
    .port_info 2 /INPUT 1 "button_in";
    .port_info 3 /INPUT 1 "clear";
    .port_info 4 /OUTPUT 1 "led_status";
P_0000024bbd9fe5d0 .param/l "BTN_PRESSED" 0 3 12, +C4<00000000000000000000000000000000>;
P_0000024bbd9fe608 .param/l "BTN_RELEASED" 0 3 13, +C4<00000000000000000000000000000001>;
P_0000024bbd9fe640 .param/l "LED_OFF" 0 3 15, C4<0>;
P_0000024bbd9fe678 .param/l "LED_ON" 0 3 14, C4<1>;
v0000024bbdc949c0_0 .net "button_in", 0 0, v0000024bbdca3720_0;  1 drivers
v0000024bbdc733a0_0 .var "button_status", 0 0;
v0000024bbdc73180_0 .net "clear", 0 0, v0000024bbdca37c0_0;  1 drivers
v0000024bbd9fe6c0_0 .net "clk", 0 0, v0000024bbdca3860_0;  1 drivers
v0000024bbdc72ed0_0 .var "led_status", 0 0;
v0000024bbdca3680_0 .net "reset", 0 0, v0000024bbdca39a0_0;  1 drivers
E_0000024bbd9fb580/0 .event anyedge, v0000024bbdca3680_0;
E_0000024bbd9fb580/1 .event posedge, v0000024bbd9fe6c0_0;
E_0000024bbd9fb580 .event/or E_0000024bbd9fb580/0, E_0000024bbd9fb580/1;
    .scope S_0000024bbd9fe440;
T_0 ;
    %wait E_0000024bbd9fb580;
    %load/vec4 v0000024bbdca3680_0;
    %flag_set/vec4 8;
    %jmp/0xz  T_0.0, 8;
    %pushi/vec4 0, 0, 1;
    %assign/vec4 v0000024bbdc72ed0_0, 0;
    %pushi/vec4 1, 0, 1;
    %assign/vec4 v0000024bbdc733a0_0, 0;
    %jmp T_0.1;
T_0.0 ;
    %load/vec4 v0000024bbdc73180_0;
    %flag_set/vec4 8;
    %jmp/0xz  T_0.2, 8;
    %pushi/vec4 0, 0, 1;
    %assign/vec4 v0000024bbdc72ed0_0, 0;
    %jmp T_0.3;
T_0.2 ;
    %load/vec4 v0000024bbdc733a0_0;
    %dup/vec4;
    %pushi/vec4 1, 0, 1;
    %cmp/u;
    %jmp/1 T_0.4, 6;
    %dup/vec4;
    %pushi/vec4 0, 0, 1;
    %cmp/u;
    %jmp/1 T_0.5, 6;
    %pushi/vec4 1, 0, 1;
    %assign/vec4 v0000024bbdc733a0_0, 0;
    %pushi/vec4 0, 0, 1;
    %assign/vec4 v0000024bbdc72ed0_0, 0;
    %jmp T_0.7;
T_0.4 ;
    %load/vec4 v0000024bbdc949c0_0;
    %flag_set/vec4 8;
    %jmp/0xz  T_0.8, 8;
    %pushi/vec4 0, 0, 1;
    %assign/vec4 v0000024bbdc733a0_0, 0;
    %jmp T_0.9;
T_0.8 ;
    %pushi/vec4 0, 0, 1;
    %assign/vec4 v0000024bbdc72ed0_0, 0;
T_0.9 ;
    %jmp T_0.7;
T_0.5 ;
    %load/vec4 v0000024bbdc949c0_0;
    %nor/r;
    %flag_set/vec4 8;
    %jmp/0xz  T_0.10, 8;
    %pushi/vec4 1, 0, 1;
    %assign/vec4 v0000024bbdc733a0_0, 0;
    %jmp T_0.11;
T_0.10 ;
    %pushi/vec4 1, 0, 1;
    %assign/vec4 v0000024bbdc72ed0_0, 0;
T_0.11 ;
    %jmp T_0.7;
T_0.7 ;
    %pop/vec4 1;
T_0.3 ;
T_0.1 ;
    %jmp T_0;
    .thread T_0;
    .scope S_0000024bbd9fe2b0;
T_1 ;
    %pushi/vec4 0, 0, 1;
    %store/vec4 v0000024bbdca3860_0, 0, 1;
T_1.0 ;
    %delay 5000, 0;
    %load/vec4 v0000024bbdca3860_0;
    %inv;
    %store/vec4 v0000024bbdca3860_0, 0, 1;
    %jmp T_1.0;
    %end;
    .thread T_1;
    .scope S_0000024bbd9fe2b0;
T_2 ;
    %pushi/vec4 1, 0, 1;
    %store/vec4 v0000024bbdca39a0_0, 0, 1;
    %delay 15000, 0;
    %pushi/vec4 0, 0, 1;
    %store/vec4 v0000024bbdca39a0_0, 0, 1;
    %delay 10000, 0;
    %vpi_call 2 34 "$display", "t=%0t, LED=%b", $time, v0000024bbdca3900_0 {0 0 0};
    %delay 10000, 0;
    %pushi/vec4 1, 0, 1;
    %store/vec4 v0000024bbdca3720_0, 0, 1;
    %delay 10000, 0;
    %vpi_call 2 36 "$display", "t=%0t, LED=%b", $time, v0000024bbdca3900_0 {0 0 0};
    %delay 10000, 0;
    %pushi/vec4 0, 0, 1;
    %store/vec4 v0000024bbdca3720_0, 0, 1;
    %delay 10000, 0;
    %vpi_call 2 38 "$display", "t=%0t, LED=%b", $time, v0000024bbdca3900_0 {0 0 0};
    %delay 10000, 0;
    %vpi_call 2 39 "$display", "t=%0t, LED=%b", $time, v0000024bbdca3900_0 {0 0 0};
    %delay 10000, 0;
    %pushi/vec4 1, 0, 1;
    %store/vec4 v0000024bbdca3720_0, 0, 1;
    %delay 10000, 0;
    %vpi_call 2 41 "$display", "t=%0t, LED=%b", $time, v0000024bbdca3900_0 {0 0 0};
    %delay 10000, 0;
    %vpi_call 2 42 "$display", "t=%0t, LED=%b", $time, v0000024bbdca3900_0 {0 0 0};
    %vpi_call 2 44 "$finish" {0 0 0};
    %end;
    .thread T_2;
    .scope S_0000024bbd9fe2b0;
T_3 ;
    %vpi_call 2 54 "$dumpfile", "dump.vcd" {0 0 0};
    %vpi_call 2 55 "$dumpvars", 32'sb00000000000000000000000000000000, S_0000024bbd9fe2b0 {0 0 0};
    %end;
    .thread T_3;
# The file index is used to find the file name in the following table.
:file_names 4;
    "N/A";
    "<interactive>";
    "tb.v";
    "./button.v";
