#! /c/Source/iverilog-install/bin/vvp
:ivl_version "12.0 (devel)" "(s20150603-1110-g18392a46)";
:ivl_delay_selection "TYPICAL";
:vpi_time_precision + 0;
:vpi_module "C:\iverilog\lib\ivl\system.vpi";
:vpi_module "C:\iverilog\lib\ivl\vhdl_sys.vpi";
:vpi_module "C:\iverilog\lib\ivl\vhdl_textio.vpi";
:vpi_module "C:\iverilog\lib\ivl\v2005_math.vpi";
:vpi_module "C:\iverilog\lib\ivl\va_math.vpi";
S_0000029a60d8b050 .scope module, "tb" "tb" 2 4;
 .timescale 0 0;
v0000029a60c34740_0 .var "button", 0 0;
v0000029a60c347e0_0 .var "clk", 0 0;
v0000029a60d8e560_0 .net "led", 0 0, v0000029a60d88ec0_0;  1 drivers
v0000029a60d8e600_0 .var "reset", 0 0;
S_0000029a60d8e3d0 .scope module, "uut" "button1" 2 14, 3 1 0, S_0000029a60d8b050;
 .timescale 0 0;
    .port_info 0 /INPUT 1 "reset";
    .port_info 1 /INPUT 1 "clk";
    .port_info 2 /INPUT 1 "button";
    .port_info 3 /OUTPUT 1 "led";
P_0000029a60d8b1e0 .param/l "BTN_PRESSED" 0 3 11, C4<1>;
P_0000029a60d8b218 .param/l "BTN_RELEASAED" 0 3 12, C4<0>;
P_0000029a60d8b250 .param/l "OFF" 0 3 9, C4<0>;
P_0000029a60d8b288 .param/l "ON" 0 3 8, C4<1>;
P_0000029a60d8b2c0 .param/l "STATE_LED_OFF" 0 3 15, C4<0>;
P_0000029a60d8b2f8 .param/l "STATE_LED_ON" 0 3 14, C4<1>;
v0000029a60c02e10_0 .net "button", 0 0, v0000029a60c34740_0;  1 drivers
v0000029a60c02b60_0 .net "clk", 0 0, v0000029a60c347e0_0;  1 drivers
v0000029a60d88ec0_0 .var "led", 0 0;
v0000029a60c34600_0 .net "reset", 0 0, v0000029a60d8e600_0;  1 drivers
v0000029a60c346a0_0 .var "state", 0 0;
E_0000029a60d894d0/0 .event anyedge, v0000029a60c34600_0;
E_0000029a60d894d0/1 .event posedge, v0000029a60c02b60_0;
E_0000029a60d894d0 .event/or E_0000029a60d894d0/0, E_0000029a60d894d0/1;
    .scope S_0000029a60d8e3d0;
T_0 ;
    %wait E_0000029a60d894d0;
    %load/vec4 v0000029a60c34600_0;
    %flag_set/vec4 8;
    %jmp/0xz  T_0.0, 8;
    %pushi/vec4 0, 0, 1;
    %assign/vec4 v0000029a60d88ec0_0, 0;
    %pushi/vec4 0, 0, 1;
    %assign/vec4 v0000029a60c346a0_0, 0;
    %jmp T_0.1;
T_0.0 ;
    %load/vec4 v0000029a60c346a0_0;
    %dup/vec4;
    %pushi/vec4 1, 0, 1;
    %cmp/u;
    %jmp/1 T_0.2, 6;
    %dup/vec4;
    %pushi/vec4 0, 0, 1;
    %cmp/u;
    %jmp/1 T_0.3, 6;
    %pushi/vec4 0, 0, 1;
    %assign/vec4 v0000029a60d88ec0_0, 0;
    %pushi/vec4 0, 0, 1;
    %assign/vec4 v0000029a60c346a0_0, 0;
    %jmp T_0.5;
T_0.2 ;
    %load/vec4 v0000029a60c02e10_0;
    %cmpi/e 0, 0, 1;
    %jmp/0xz  T_0.6, 4;
    %pushi/vec4 0, 0, 1;
    %assign/vec4 v0000029a60c346a0_0, 0;
    %pushi/vec4 0, 0, 1;
    %assign/vec4 v0000029a60d88ec0_0, 0;
T_0.6 ;
    %jmp T_0.5;
T_0.3 ;
    %load/vec4 v0000029a60c02e10_0;
    %cmpi/e 1, 0, 1;
    %jmp/0xz  T_0.8, 4;
    %pushi/vec4 1, 0, 1;
    %assign/vec4 v0000029a60c346a0_0, 0;
    %pushi/vec4 1, 0, 1;
    %assign/vec4 v0000029a60d88ec0_0, 0;
T_0.8 ;
    %jmp T_0.5;
T_0.5 ;
    %pop/vec4 1;
T_0.1 ;
    %jmp T_0;
    .thread T_0;
    .scope S_0000029a60d8b050;
T_1 ;
    %pushi/vec4 0, 0, 1;
    %store/vec4 v0000029a60c347e0_0, 0, 1;
T_1.0 ;
    %delay 5, 0;
    %load/vec4 v0000029a60c347e0_0;
    %inv;
    %store/vec4 v0000029a60c347e0_0, 0, 1;
    %jmp T_1.0;
    %end;
    .thread T_1;
    .scope S_0000029a60d8b050;
T_2 ;
    %pushi/vec4 1, 0, 1;
    %store/vec4 v0000029a60d8e600_0, 0, 1;
    %delay 3, 0;
    %pushi/vec4 0, 0, 1;
    %store/vec4 v0000029a60d8e600_0, 0, 1;
    %delay 10, 0;
    %pushi/vec4 1, 0, 1;
    %store/vec4 v0000029a60c34740_0, 0, 1;
    %vpi_call 2 33 "$display", "t=%0t, BUTTON=%b, LED=%b", $time, v0000029a60c34740_0, v0000029a60d8e560_0 {0 0 0};
    %delay 10, 0;
    %vpi_call 2 34 "$display", "t=%0t, BUTTON=%b, LED=%b", $time, v0000029a60c34740_0, v0000029a60d8e560_0 {0 0 0};
    %delay 10, 0;
    %vpi_call 2 35 "$display", "t=%0t, BUTTON=%b, LED=%b", $time, v0000029a60c34740_0, v0000029a60d8e560_0 {0 0 0};
    %delay 10, 0;
    %pushi/vec4 0, 0, 1;
    %store/vec4 v0000029a60c34740_0, 0, 1;
    %delay 10, 0;
    %vpi_call 2 37 "$display", "t=%0t, BUTTON=%b, LED=%b", $time, v0000029a60c34740_0, v0000029a60d8e560_0 {0 0 0};
    %delay 10, 0;
    %vpi_call 2 38 "$display", "t=%0t, BUTTON=%b, LED=%b", $time, v0000029a60c34740_0, v0000029a60d8e560_0 {0 0 0};
    %delay 10, 0;
    %pushi/vec4 1, 0, 1;
    %store/vec4 v0000029a60c34740_0, 0, 1;
    %delay 10, 0;
    %vpi_call 2 40 "$display", "t=%0t, BUTTON=%b, LED=%b", $time, v0000029a60c34740_0, v0000029a60d8e560_0 {0 0 0};
    %delay 10, 0;
    %vpi_call 2 41 "$display", "t=%0t, BUTTON=%b, LED=%b", $time, v0000029a60c34740_0, v0000029a60d8e560_0 {0 0 0};
    %vpi_call 2 43 "$finish" {0 0 0};
    %end;
    .thread T_2;
    .scope S_0000029a60d8b050;
T_3 ;
    %vpi_call 2 53 "$dumpfile", "dump.vcd" {0 0 0};
    %vpi_call 2 54 "$dumpvars", 32'sb00000000000000000000000000000000, S_0000029a60d8b050 {0 0 0};
    %end;
    .thread T_3;
# The file index is used to find the file name in the following table.
:file_names 4;
    "N/A";
    "<interactive>";
    "tb1.v";
    "./button1.v";
