#! /c/Source/iverilog-install/bin/vvp
:ivl_version "12.0 (devel)" "(s20150603-1110-g18392a46)";
:ivl_delay_selection "TYPICAL";
:vpi_time_precision + 0;
:vpi_module "C:\iverilog\lib\ivl\system.vpi";
:vpi_module "C:\iverilog\lib\ivl\vhdl_sys.vpi";
:vpi_module "C:\iverilog\lib\ivl\vhdl_textio.vpi";
:vpi_module "C:\iverilog\lib\ivl\v2005_math.vpi";
:vpi_module "C:\iverilog\lib\ivl\va_math.vpi";
S_000001a760962e10 .scope module, "dflipflop" "dflipflop" 2 1;
 .timescale 0 0;
    .port_info 0 /INPUT 1 "d";
    .port_info 1 /INPUT 1 "clk";
    .port_info 2 /INPUT 1 "en";
    .port_info 3 /INPUT 1 "reset";
    .port_info 4 /OUTPUT 1 "q";
o000001a760996fd8 .functor BUFZ 1, C4<z>; HiZ drive
v000001a7609633b0_0 .net "clk", 0 0, o000001a760996fd8;  0 drivers
o000001a760997008 .functor BUFZ 1, C4<z>; HiZ drive
v000001a76090ee40_0 .net "d", 0 0, o000001a760997008;  0 drivers
o000001a760997038 .functor BUFZ 1, C4<z>; HiZ drive
v000001a76090eee0_0 .net "en", 0 0, o000001a760997038;  0 drivers
v000001a760962fa0_0 .var "q", 0 0;
o000001a760997098 .functor BUFZ 1, C4<z>; HiZ drive
v000001a760963040_0 .net "reset", 0 0, o000001a760997098;  0 drivers
E_000001a760995510 .event posedge, v000001a760963040_0, v000001a7609633b0_0;
    .scope S_000001a760962e10;
T_0 ;
    %wait E_000001a760995510;
    %load/vec4 v000001a760963040_0;
    %flag_set/vec4 8;
    %jmp/0xz  T_0.0, 8;
    %pushi/vec4 0, 0, 1;
    %assign/vec4 v000001a760962fa0_0, 0;
    %jmp T_0.1;
T_0.0 ;
    %load/vec4 v000001a76090eee0_0;
    %flag_set/vec4 8;
    %jmp/0xz  T_0.2, 8;
    %load/vec4 v000001a76090ee40_0;
    %assign/vec4 v000001a760962fa0_0, 0;
T_0.2 ;
T_0.1 ;
    %jmp T_0;
    .thread T_0;
# The file index is used to find the file name in the following table.
:file_names 3;
    "N/A";
    "<interactive>";
    "dflipflop.v";
