#! /c/Source/iverilog-install/bin/vvp
:ivl_version "12.0 (devel)" "(s20150603-1110-g18392a46)";
:ivl_delay_selection "TYPICAL";
:vpi_time_precision - 12;
:vpi_module "C:\iverilog\lib\ivl\system.vpi";
:vpi_module "C:\iverilog\lib\ivl\vhdl_sys.vpi";
:vpi_module "C:\iverilog\lib\ivl\vhdl_textio.vpi";
:vpi_module "C:\iverilog\lib\ivl\v2005_math.vpi";
:vpi_module "C:\iverilog\lib\ivl\va_math.vpi";
S_000002121c006640 .scope module, "tb" "tb" 2 4;
 .timescale -9 -12;
v000002121c0eb910_0 .var "clk", 0 0;
v000002121c0eb9b0_0 .var "d", 0 0;
v000002121c0eba50_0 .var "en", 0 0;
v000002121c0ebaf0_0 .net "q", 0 0, v000002121c006a00_0;  1 drivers
v000002121c0e95b0_0 .var "reset", 0 0;
S_000002121c0067d0 .scope module, "uut" "dflipflop" 2 13, 3 1 0, S_000002121c006640;
 .timescale -9 -12;
    .port_info 0 /INPUT 1 "d";
    .port_info 1 /INPUT 1 "clk";
    .port_info 2 /INPUT 1 "en";
    .port_info 3 /INPUT 1 "reset";
    .port_info 4 /OUTPUT 1 "q";
v000002121bfd33f0_0 .net "clk", 0 0, v000002121c0eb910_0;  1 drivers
v000002121bfd3120_0 .net "d", 0 0, v000002121c0eb9b0_0;  1 drivers
v000002121c006960_0 .net "en", 0 0, v000002121c0eba50_0;  1 drivers
v000002121c006a00_0 .var "q", 0 0;
v000002121c0eb870_0 .net "reset", 0 0, v000002121c0e95b0_0;  1 drivers
E_000002121bff6c10 .event posedge, v000002121c0eb870_0, v000002121bfd33f0_0;
    .scope S_000002121c0067d0;
T_0 ;
    %wait E_000002121bff6c10;
    %load/vec4 v000002121c0eb870_0;
    %flag_set/vec4 8;
    %jmp/0xz  T_0.0, 8;
    %pushi/vec4 0, 0, 1;
    %assign/vec4 v000002121c006a00_0, 0;
    %jmp T_0.1;
T_0.0 ;
    %load/vec4 v000002121c006960_0;
    %flag_set/vec4 8;
    %jmp/0xz  T_0.2, 8;
    %load/vec4 v000002121bfd3120_0;
    %assign/vec4 v000002121c006a00_0, 0;
T_0.2 ;
T_0.1 ;
    %jmp T_0;
    .thread T_0;
    .scope S_000002121c006640;
T_1 ;
    %vpi_call 2 22 "$dumpfile", "dump.vcd" {0 0 0};
    %vpi_call 2 23 "$dumpvars", 32'sb00000000000000000000000000000000, S_000002121c006640 {0 0 0};
    %end;
    .thread T_1;
    .scope S_000002121c006640;
T_2 ;
    %pushi/vec4 0, 0, 1;
    %assign/vec4 v000002121c0eb910_0, 0;
T_2.0 ;
    %delay 5000, 0;
    %load/vec4 v000002121c0eb910_0;
    %inv;
    %store/vec4 v000002121c0eb910_0, 0, 1;
    %jmp T_2.0;
    %end;
    .thread T_2;
    .scope S_000002121c006640;
T_3 ;
    %vpi_call 2 36 "$monitor", "t=%3d: d=%b, clk=%b, en=%b, reset=%b, q=%b", $time, v000002121c0eb9b0_0, v000002121c0eb910_0, v000002121c0eba50_0, v000002121c0e95b0_0, v000002121c0ebaf0_0 {0 0 0};
    %end;
    .thread T_3;
    .scope S_000002121c006640;
T_4 ;
    %pushi/vec4 0, 0, 1;
    %store/vec4 v000002121c0eb9b0_0, 0, 1;
    %pushi/vec4 0, 0, 1;
    %store/vec4 v000002121c0eba50_0, 0, 1;
    %pushi/vec4 1, 0, 1;
    %store/vec4 v000002121c0e95b0_0, 0, 1;
    %delay 20000, 0;
    %pushi/vec4 0, 0, 1;
    %store/vec4 v000002121c0e95b0_0, 0, 1;
    %delay 10000, 0;
    %pushi/vec4 1, 0, 1;
    %store/vec4 v000002121c0eb9b0_0, 0, 1;
    %delay 10000, 0;
    %pushi/vec4 0, 0, 1;
    %store/vec4 v000002121c0eb9b0_0, 0, 1;
    %delay 10000, 0;
    %pushi/vec4 1, 0, 1;
    %store/vec4 v000002121c0eb9b0_0, 0, 1;
    %delay 10000, 0;
    %pushi/vec4 1, 0, 1;
    %store/vec4 v000002121c0eba50_0, 0, 1;
    %delay 10000, 0;
    %pushi/vec4 0, 0, 1;
    %store/vec4 v000002121c0eb9b0_0, 0, 1;
    %delay 10000, 0;
    %pushi/vec4 1, 0, 1;
    %store/vec4 v000002121c0eb9b0_0, 0, 1;
    %delay 10000, 0;
    %pushi/vec4 0, 0, 1;
    %store/vec4 v000002121c0eb9b0_0, 0, 1;
    %delay 10000, 0;
    %pushi/vec4 0, 0, 1;
    %store/vec4 v000002121c0eba50_0, 0, 1;
    %delay 10000, 0;
    %pushi/vec4 1, 0, 1;
    %store/vec4 v000002121c0eb9b0_0, 0, 1;
    %delay 10000, 0;
    %pushi/vec4 0, 0, 1;
    %store/vec4 v000002121c0eb9b0_0, 0, 1;
    %delay 10000, 0;
    %pushi/vec4 1, 0, 1;
    %store/vec4 v000002121c0eba50_0, 0, 1;
    %delay 10000, 0;
    %pushi/vec4 1, 0, 1;
    %store/vec4 v000002121c0eb9b0_0, 0, 1;
    %delay 5000, 0;
    %pushi/vec4 1, 0, 1;
    %store/vec4 v000002121c0e95b0_0, 0, 1;
    %delay 10000, 0;
    %pushi/vec4 0, 0, 1;
    %store/vec4 v000002121c0e95b0_0, 0, 1;
    %delay 10000, 0;
    %pushi/vec4 1, 0, 1;
    %store/vec4 v000002121c0eb9b0_0, 0, 1;
    %delay 10000, 0;
    %pushi/vec4 0, 0, 1;
    %store/vec4 v000002121c0eba50_0, 0, 1;
    %delay 10000, 0;
    %pushi/vec4 0, 0, 1;
    %store/vec4 v000002121c0eb9b0_0, 0, 1;
    %delay 10000, 0;
    %pushi/vec4 1, 0, 1;
    %store/vec4 v000002121c0eba50_0, 0, 1;
    %delay 10000, 0;
    %vpi_call 2 78 "$finish" {0 0 0};
    %end;
    .thread T_4;
# The file index is used to find the file name in the following table.
:file_names 4;
    "N/A";
    "<interactive>";
    "tb.v";
    "./dflipflop.v";
