#! /c/Source/iverilog-install/bin/vvp
:ivl_version "12.0 (devel)" "(s20150603-1110-g18392a46)";
:ivl_delay_selection "TYPICAL";
:vpi_time_precision - 12;
:vpi_module "C:\iverilog\lib\ivl\system.vpi";
:vpi_module "C:\iverilog\lib\ivl\vhdl_sys.vpi";
:vpi_module "C:\iverilog\lib\ivl\vhdl_textio.vpi";
:vpi_module "C:\iverilog\lib\ivl\v2005_math.vpi";
:vpi_module "C:\iverilog\lib\ivl\va_math.vpi";
S_00000261cc4768e0 .scope module, "tb" "tb" 2 4;
 .timescale -9 -12;
v00000261cc5aba70_0 .var "clk", 0 0;
v00000261cc5abb10_0 .var "data_in", 0 0;
v00000261cc5abbb0_0 .net "data_out", 0 0, v00000261cc476ca0_0;  1 drivers
v00000261cc5abc50_0 .var "reset", 0 0;
S_00000261cc476a70 .scope module, "uut" "siso_reg" 2 9, 3 1 0, S_00000261cc4768e0;
 .timescale -9 -12;
    .port_info 0 /INPUT 1 "clk";
    .port_info 1 /INPUT 1 "reset";
    .port_info 2 /INPUT 1 "data_in";
    .port_info 3 /OUTPUT 1 "data_out";
P_00000261cc5abf00 .param/l "N" 0 3 1, +C4<00000000000000000000000000001000>;
v00000261cc476c00_0 .net "clk", 0 0, v00000261cc5aba70_0;  1 drivers
v00000261cc442b60_0 .net "data_in", 0 0, v00000261cc5abb10_0;  1 drivers
v00000261cc476ca0_0 .var "data_out", 0 0;
v00000261cc5ab930_0 .net "reset", 0 0, v00000261cc5abc50_0;  1 drivers
v00000261cc5ab9d0_0 .var "shift_reg", 7 0;
E_00000261cc5ac180/0 .event anyedge, v00000261cc5ab930_0;
E_00000261cc5ac180/1 .event posedge, v00000261cc476c00_0;
E_00000261cc5ac180 .event/or E_00000261cc5ac180/0, E_00000261cc5ac180/1;
    .scope S_00000261cc476a70;
T_0 ;
    %wait E_00000261cc5ac180;
    %load/vec4 v00000261cc5ab930_0;
    %flag_set/vec4 8;
    %jmp/0xz  T_0.0, 8;
    %pushi/vec4 0, 0, 8;
    %assign/vec4 v00000261cc5ab9d0_0, 0;
    %pushi/vec4 0, 0, 1;
    %assign/vec4 v00000261cc476ca0_0, 0;
    %jmp T_0.1;
T_0.0 ;
    %load/vec4 v00000261cc5ab9d0_0;
    %parti/s 7, 0, 2;
    %load/vec4 v00000261cc442b60_0;
    %concat/vec4; draw_concat_vec4
    %assign/vec4 v00000261cc5ab9d0_0, 0;
    %load/vec4 v00000261cc5ab9d0_0;
    %parti/s 1, 7, 4;
    %assign/vec4 v00000261cc476ca0_0, 0;
T_0.1 ;
    %jmp T_0;
    .thread T_0;
    .scope S_00000261cc4768e0;
T_1 ;
    %pushi/vec4 0, 0, 1;
    %store/vec4 v00000261cc5aba70_0, 0, 1;
T_1.0 ;
    %delay 5000, 0;
    %load/vec4 v00000261cc5aba70_0;
    %inv;
    %store/vec4 v00000261cc5aba70_0, 0, 1;
    %jmp T_1.0;
    %end;
    .thread T_1;
    .scope S_00000261cc4768e0;
T_2 ;
    %vpi_call 2 24 "$dumpfile", "dump.vcd" {0 0 0};
    %vpi_call 2 25 "$dumpvars", 32'sb00000000000000000000000000000000, S_00000261cc4768e0 {0 0 0};
    %end;
    .thread T_2;
    .scope S_00000261cc4768e0;
T_3 ;
    %pushi/vec4 1, 0, 1;
    %store/vec4 v00000261cc5abc50_0, 0, 1;
    %pushi/vec4 0, 0, 1;
    %store/vec4 v00000261cc5abb10_0, 0, 1;
    %delay 10000, 0;
    %pushi/vec4 0, 0, 1;
    %store/vec4 v00000261cc5abc50_0, 0, 1;
    %pushi/vec4 1, 0, 1;
    %store/vec4 v00000261cc5abb10_0, 0, 1;
    %delay 10000, 0;
    %pushi/vec4 0, 0, 1;
    %store/vec4 v00000261cc5abb10_0, 0, 1;
    %delay 10000, 0;
    %pushi/vec4 1, 0, 1;
    %store/vec4 v00000261cc5abb10_0, 0, 1;
    %delay 10000, 0;
    %pushi/vec4 1, 0, 1;
    %store/vec4 v00000261cc5abb10_0, 0, 1;
    %delay 10000, 0;
    %pushi/vec4 1, 0, 1;
    %store/vec4 v00000261cc5abb10_0, 0, 1;
    %delay 10000, 0;
    %pushi/vec4 0, 0, 1;
    %store/vec4 v00000261cc5abb10_0, 0, 1;
    %delay 10000, 0;
    %pushi/vec4 1, 0, 1;
    %store/vec4 v00000261cc5abb10_0, 0, 1;
    %delay 10000, 0;
    %pushi/vec4 1, 0, 1;
    %store/vec4 v00000261cc5abb10_0, 0, 1;
    %delay 10000, 0;
    %pushi/vec4 1, 0, 1;
    %store/vec4 v00000261cc5abb10_0, 0, 1;
    %delay 10000, 0;
    %pushi/vec4 0, 0, 1;
    %store/vec4 v00000261cc5abb10_0, 0, 1;
    %delay 10000, 0;
    %pushi/vec4 1, 0, 1;
    %store/vec4 v00000261cc5abb10_0, 0, 1;
    %delay 10000, 0;
    %pushi/vec4 1, 0, 1;
    %store/vec4 v00000261cc5abb10_0, 0, 1;
    %delay 10000, 0;
    %delay 20000, 0;
    %vpi_call 2 48 "$finish" {0 0 0};
    %end;
    .thread T_3;
    .scope S_00000261cc4768e0;
T_4 ;
    %vpi_call 2 53 "$monitor", "Time = %0t: data_in = %b, data_out = %b, shift_reg = %b", $time, v00000261cc5abb10_0, v00000261cc5abbb0_0, v00000261cc5ab9d0_0 {0 0 0};
    %end;
    .thread T_4;
# The file index is used to find the file name in the following table.
:file_names 4;
    "N/A";
    "<interactive>";
    "tb.v";
    "./siso_reg.v";
