#! /c/Source/iverilog-install/bin/vvp
:ivl_version "12.0 (devel)" "(s20150603-1110-g18392a46)";
:ivl_delay_selection "TYPICAL";
:vpi_time_precision - 12;
:vpi_module "C:\iverilog\lib\ivl\system.vpi";
:vpi_module "C:\iverilog\lib\ivl\vhdl_sys.vpi";
:vpi_module "C:\iverilog\lib\ivl\vhdl_textio.vpi";
:vpi_module "C:\iverilog\lib\ivl\v2005_math.vpi";
:vpi_module "C:\iverilog\lib\ivl\va_math.vpi";
S_0000024ac4266410 .scope module, "tb" "tb" 2 4;
 .timescale -9 -12;
P_0000024ac4268690 .param/l "N" 0 2 5, +C4<00000000000000000000000000010000>;
v0000024ac42bf9c0_0 .var "a", 15 0;
v0000024ac42c0280_0 .var "b", 15 0;
v0000024ac42bfa60_0 .var "cin", 0 0;
v0000024ac42bfec0_0 .net "cout", 0 0, L_0000024ac42c00a0;  1 drivers
v0000024ac42bfc40_0 .var/i "i", 31 0;
v0000024ac42c0500_0 .var/i "j", 31 0;
v0000024ac42bf920_0 .net "sum", 15 0, L_0000024ac42c0460;  1 drivers
E_0000024ac4267d50/0 .event anyedge, v0000024ac42763e0_0, v0000024ac4276480_0, v0000024ac42c0000_0, v0000024ac42c0640_0;
E_0000024ac4267d50/1 .event anyedge, v0000024ac42bf880_0;
E_0000024ac4267d50 .event/or E_0000024ac4267d50/0, E_0000024ac4267d50/1;
S_0000024ac4276110 .scope module, "uut" "fulladderNb" 2 15, 3 1 0, S_0000024ac4266410;
 .timescale -9 -12;
    .port_info 0 /INPUT 16 "a";
    .port_info 1 /INPUT 16 "b";
    .port_info 2 /INPUT 1 "cin";
    .port_info 3 /OUTPUT 16 "sum";
    .port_info 4 /OUTPUT 1 "cout";
P_0000024ac42684d0 .param/l "N" 0 3 2, +C4<00000000000000000000000000010000>;
L_0000024ac42c0890 .functor BUFT 1, C4<0>, C4<0>, C4<0>, C4<0>;
v0000024ac42665a0_0 .net *"_ivl_10", 0 0, L_0000024ac42c0890;  1 drivers
v0000024ac4243120_0 .net *"_ivl_11", 16 0, L_0000024ac42bfe20;  1 drivers
v0000024ac4274f80_0 .net *"_ivl_13", 16 0, L_0000024ac42bff60;  1 drivers
L_0000024ac42c08d8 .functor BUFT 1, C4<0000000000000000>, C4<0>, C4<0>, C4<0>;
v0000024ac4275020_0 .net *"_ivl_16", 15 0, L_0000024ac42c08d8;  1 drivers
v0000024ac42750c0_0 .net *"_ivl_17", 16 0, L_0000024ac42c06e0;  1 drivers
v0000024ac4275160_0 .net *"_ivl_3", 16 0, L_0000024ac42c0780;  1 drivers
L_0000024ac42c0848 .functor BUFT 1, C4<0>, C4<0>, C4<0>, C4<0>;
v0000024ac42762a0_0 .net *"_ivl_6", 0 0, L_0000024ac42c0848;  1 drivers
v0000024ac4276340_0 .net *"_ivl_7", 16 0, L_0000024ac42c0140;  1 drivers
v0000024ac42763e0_0 .net "a", 15 0, v0000024ac42bf9c0_0;  1 drivers
v0000024ac4276480_0 .net "b", 15 0, v0000024ac42c0280_0;  1 drivers
v0000024ac42c0000_0 .net "cin", 0 0, v0000024ac42bfa60_0;  1 drivers
v0000024ac42bf880_0 .net "cout", 0 0, L_0000024ac42c00a0;  alias, 1 drivers
v0000024ac42c0640_0 .net "sum", 15 0, L_0000024ac42c0460;  alias, 1 drivers
L_0000024ac42c00a0 .part L_0000024ac42c06e0, 16, 1;
L_0000024ac42c0460 .part L_0000024ac42c06e0, 0, 16;
L_0000024ac42c0780 .concat [ 16 1 0 0], v0000024ac42bf9c0_0, L_0000024ac42c0848;
L_0000024ac42c0140 .concat [ 16 1 0 0], v0000024ac42c0280_0, L_0000024ac42c0890;
L_0000024ac42bfe20 .arith/sum 17, L_0000024ac42c0780, L_0000024ac42c0140;
L_0000024ac42bff60 .concat [ 1 16 0 0], v0000024ac42bfa60_0, L_0000024ac42c08d8;
L_0000024ac42c06e0 .arith/sum 17, L_0000024ac42bfe20, L_0000024ac42bff60;
    .scope S_0000024ac4266410;
T_0 ;
    %wait E_0000024ac4267d50;
    %pushi/vec4 0, 0, 32;
    %store/vec4 v0000024ac42bfc40_0, 0, 32;
T_0.0 ;
    %load/vec4 v0000024ac42bfc40_0;
    %cmpi/s 65536, 0, 32;
    %jmp/0xz T_0.1, 5;
    %pushi/vec4 0, 0, 32;
    %store/vec4 v0000024ac42c0500_0, 0, 32;
T_0.2 ;
    %load/vec4 v0000024ac42c0500_0;
    %cmpi/s 65536, 0, 32;
    %jmp/0xz T_0.3, 5;
    %load/vec4 v0000024ac42bfc40_0;
    %pad/s 16;
    %store/vec4 v0000024ac42bf9c0_0, 0, 16;
    %load/vec4 v0000024ac42c0500_0;
    %pad/s 16;
    %store/vec4 v0000024ac42c0280_0, 0, 16;
    %pushi/vec4 0, 0, 1;
    %store/vec4 v0000024ac42bfa60_0, 0, 1;
    %delay 10000, 0;
    %vpi_call 2 35 "$display", "a=%b b=%b cin=%b | sum=%b cout=%b", v0000024ac42bf9c0_0, v0000024ac42c0280_0, v0000024ac42bfa60_0, v0000024ac42bf920_0, v0000024ac42bfec0_0 {0 0 0};
    %load/vec4 v0000024ac42c0500_0;
    %addi 1, 0, 32;
    %store/vec4 v0000024ac42c0500_0, 0, 32;
    %jmp T_0.2;
T_0.3 ;
    %load/vec4 v0000024ac42bfc40_0;
    %addi 1, 0, 32;
    %store/vec4 v0000024ac42bfc40_0, 0, 32;
    %jmp T_0.0;
T_0.1 ;
    %pushi/vec4 65535, 0, 16;
    %store/vec4 v0000024ac42bf9c0_0, 0, 16;
    %pushi/vec4 65535, 0, 16;
    %store/vec4 v0000024ac42c0280_0, 0, 16;
    %pushi/vec4 1, 0, 1;
    %store/vec4 v0000024ac42bfa60_0, 0, 1;
    %delay 10000, 0;
    %vpi_call 2 44 "$display", "a=%b b=%b cin=%b | sum=%b cout=%b", v0000024ac42bf9c0_0, v0000024ac42c0280_0, v0000024ac42bfa60_0, v0000024ac42bf920_0, v0000024ac42bfec0_0 {0 0 0};
    %vpi_call 2 46 "$finish" {0 0 0};
    %jmp T_0;
    .thread T_0, $push;
# The file index is used to find the file name in the following table.
:file_names 4;
    "N/A";
    "<interactive>";
    "tb.v";
    "./fulladderNb.v";
