#! /c/Source/iverilog-install/bin/vvp
:ivl_version "12.0 (devel)" "(s20150603-1110-g18392a46)";
:ivl_delay_selection "TYPICAL";
:vpi_time_precision + 0;
:vpi_module "C:\iverilog\lib\ivl\system.vpi";
:vpi_module "C:\iverilog\lib\ivl\vhdl_sys.vpi";
:vpi_module "C:\iverilog\lib\ivl\vhdl_textio.vpi";
:vpi_module "C:\iverilog\lib\ivl\v2005_math.vpi";
:vpi_module "C:\iverilog\lib\ivl\va_math.vpi";
S_00000280a12a2df0 .scope module, "button_on_a_FSM" "button_on_a_FSM" 2 1;
 .timescale 0 0;
    .port_info 0 /INPUT 1 "clk";
    .port_info 1 /INPUT 1 "rst";
    .port_info 2 /INPUT 1 "button";
    .port_info 3 /OUTPUT 1 "y";
P_00000280a12a2f80 .param/l "BTN_PRESSED" 0 2 47, C4<1>;
P_00000280a12a2fb8 .param/l "BTN_RELEASED" 0 2 48, C4<0>;
P_00000280a12a2ff0 .param/l "LED_OFF" 0 2 42, C4<0>;
P_00000280a12a3028 .param/l "LED_ON" 0 2 41, C4<1>;
P_00000280a12a3060 .param/l "STATE_LEDOFF" 0 2 45, C4<0>;
P_00000280a12a3098 .param/l "STATE_LEDON" 0 2 44, C4<1>;
o00000280a12d6fb8 .functor BUFZ 1, C4<z>; HiZ drive
v00000280a12a33b0_0 .net "button", 0 0, o00000280a12d6fb8;  0 drivers
o00000280a12d6fe8 .functor BUFZ 1, C4<z>; HiZ drive
v00000280a12a35d0_0 .net "clk", 0 0, o00000280a12d6fe8;  0 drivers
o00000280a12d7018 .functor BUFZ 1, C4<z>; HiZ drive
v00000280a128bb20_0 .net "rst", 0 0, o00000280a12d7018;  0 drivers
v00000280a12a30e0_0 .var "state", 0 0;
v00000280a12d3ab0_0 .var "y", 0 0;
E_00000280a12d61f0 .event posedge, v00000280a128bb20_0, v00000280a12a35d0_0;
    .scope S_00000280a12a2df0;
T_0 ;
    %wait E_00000280a12d61f0;
    %load/vec4 v00000280a128bb20_0;
    %flag_set/vec4 8;
    %jmp/0xz  T_0.0, 8;
    %pushi/vec4 0, 0, 1;
    %assign/vec4 v00000280a12d3ab0_0, 0;
    %pushi/vec4 0, 0, 1;
    %assign/vec4 v00000280a12a30e0_0, 0;
    %jmp T_0.1;
T_0.0 ;
    %load/vec4 v00000280a12a30e0_0;
    %dup/vec4;
    %pushi/vec4 1, 0, 1;
    %cmp/u;
    %jmp/1 T_0.2, 6;
    %dup/vec4;
    %pushi/vec4 0, 0, 1;
    %cmp/u;
    %jmp/1 T_0.3, 6;
    %pushi/vec4 0, 0, 1;
    %assign/vec4 v00000280a12a30e0_0, 0;
    %pushi/vec4 0, 0, 1;
    %assign/vec4 v00000280a12d3ab0_0, 0;
    %jmp T_0.5;
T_0.2 ;
    %load/vec4 v00000280a12a33b0_0;
    %cmpi/e 0, 0, 1;
    %jmp/0xz  T_0.6, 4;
    %pushi/vec4 0, 0, 1;
    %assign/vec4 v00000280a12a30e0_0, 0;
    %pushi/vec4 0, 0, 1;
    %assign/vec4 v00000280a12d3ab0_0, 0;
T_0.6 ;
    %jmp T_0.5;
T_0.3 ;
    %load/vec4 v00000280a12a33b0_0;
    %cmpi/e 1, 0, 1;
    %jmp/0xz  T_0.8, 4;
    %pushi/vec4 1, 0, 1;
    %assign/vec4 v00000280a12a30e0_0, 0;
    %pushi/vec4 1, 0, 1;
    %assign/vec4 v00000280a12d3ab0_0, 0;
T_0.8 ;
    %jmp T_0.5;
T_0.5 ;
    %pop/vec4 1;
T_0.1 ;
    %jmp T_0;
    .thread T_0;
# The file index is used to find the file name in the following table.
:file_names 3;
    "N/A";
    "<interactive>";
    "button.v";
