#! /c/Source/iverilog-install/bin/vvp
:ivl_version "12.0 (devel)" "(s20150603-1110-g18392a46)";
:ivl_delay_selection "TYPICAL";
:vpi_time_precision - 12;
:vpi_module "C:\iverilog\lib\ivl\system.vpi";
:vpi_module "C:\iverilog\lib\ivl\vhdl_sys.vpi";
:vpi_module "C:\iverilog\lib\ivl\vhdl_textio.vpi";
:vpi_module "C:\iverilog\lib\ivl\v2005_math.vpi";
:vpi_module "C:\iverilog\lib\ivl\va_math.vpi";
S_00000179f655ac40 .scope module, "tb_button_on_a_FSM" "tb_button_on_a_FSM" 2 4;
 .timescale -9 -12;
v00000179f655b600_0 .var "button", 0 0;
v00000179f655b6a0_0 .var "clk", 0 0;
v00000179f655b740_0 .var "rst", 0 0;
v00000179f655b7e0_0 .net "y", 0 0, v00000179f655b560_0;  1 drivers
S_00000179f655add0 .scope module, "uut" "button_on_a_FSM" 2 12, 3 1 0, S_00000179f655ac40;
 .timescale -9 -12;
    .port_info 0 /INPUT 1 "clk";
    .port_info 1 /INPUT 1 "rst";
    .port_info 2 /INPUT 1 "button";
    .port_info 3 /OUTPUT 1 "y";
P_00000179f655af60 .param/l "BTN_PRESSED" 0 3 47, C4<1>;
P_00000179f655af98 .param/l "BTN_RELEASED" 0 3 48, C4<0>;
P_00000179f655afd0 .param/l "LED_OFF" 0 3 42, C4<0>;
P_00000179f655b008 .param/l "LED_ON" 0 3 41, C4<1>;
P_00000179f655b040 .param/l "STATE_LEDOFF" 0 3 45, C4<0>;
P_00000179f655b078 .param/l "STATE_LEDON" 0 3 44, C4<1>;
v00000179f65b33f0_0 .net "button", 0 0, v00000179f655b600_0;  1 drivers
v00000179f65b3610_0 .net "clk", 0 0, v00000179f655b6a0_0;  1 drivers
v00000179f655e6c0_0 .net "rst", 0 0, v00000179f655b740_0;  1 drivers
v00000179f65b3120_0 .var "state", 0 0;
v00000179f655b560_0 .var "y", 0 0;
E_00000179f65d57c0 .event posedge, v00000179f655e6c0_0, v00000179f65b3610_0;
    .scope S_00000179f655add0;
T_0 ;
    %wait E_00000179f65d57c0;
    %load/vec4 v00000179f655e6c0_0;
    %flag_set/vec4 8;
    %jmp/0xz  T_0.0, 8;
    %pushi/vec4 0, 0, 1;
    %assign/vec4 v00000179f655b560_0, 0;
    %pushi/vec4 0, 0, 1;
    %assign/vec4 v00000179f65b3120_0, 0;
    %jmp T_0.1;
T_0.0 ;
    %load/vec4 v00000179f65b3120_0;
    %dup/vec4;
    %pushi/vec4 1, 0, 1;
    %cmp/u;
    %jmp/1 T_0.2, 6;
    %dup/vec4;
    %pushi/vec4 0, 0, 1;
    %cmp/u;
    %jmp/1 T_0.3, 6;
    %pushi/vec4 0, 0, 1;
    %assign/vec4 v00000179f65b3120_0, 0;
    %pushi/vec4 0, 0, 1;
    %assign/vec4 v00000179f655b560_0, 0;
    %jmp T_0.5;
T_0.2 ;
    %load/vec4 v00000179f65b33f0_0;
    %cmpi/e 0, 0, 1;
    %jmp/0xz  T_0.6, 4;
    %pushi/vec4 0, 0, 1;
    %assign/vec4 v00000179f65b3120_0, 0;
    %pushi/vec4 0, 0, 1;
    %assign/vec4 v00000179f655b560_0, 0;
T_0.6 ;
    %jmp T_0.5;
T_0.3 ;
    %load/vec4 v00000179f65b33f0_0;
    %cmpi/e 1, 0, 1;
    %jmp/0xz  T_0.8, 4;
    %pushi/vec4 1, 0, 1;
    %assign/vec4 v00000179f65b3120_0, 0;
    %pushi/vec4 1, 0, 1;
    %assign/vec4 v00000179f655b560_0, 0;
T_0.8 ;
    %jmp T_0.5;
T_0.5 ;
    %pop/vec4 1;
T_0.1 ;
    %jmp T_0;
    .thread T_0;
    .scope S_00000179f655ac40;
T_1 ;
    %pushi/vec4 0, 0, 1;
    %store/vec4 v00000179f655b6a0_0, 0, 1;
T_1.0 ;
    %delay 5000, 0;
    %load/vec4 v00000179f655b6a0_0;
    %inv;
    %store/vec4 v00000179f655b6a0_0, 0, 1;
    %jmp T_1.0;
    %end;
    .thread T_1;
    .scope S_00000179f655ac40;
T_2 ;
    %vpi_call 2 27 "$dumpfile", "dump.vcd" {0 0 0};
    %vpi_call 2 28 "$dumpvars", 32'sb00000000000000000000000000000000, S_00000179f655ac40 {0 0 0};
    %pushi/vec4 1, 0, 1;
    %store/vec4 v00000179f655b740_0, 0, 1;
    %pushi/vec4 0, 0, 1;
    %store/vec4 v00000179f655b600_0, 0, 1;
    %delay 12000, 0;
    %pushi/vec4 0, 0, 1;
    %store/vec4 v00000179f655b740_0, 0, 1;
    %delay 10000, 0;
    %pushi/vec4 1, 0, 1;
    %store/vec4 v00000179f655b600_0, 0, 1;
    %delay 20000, 0;
    %pushi/vec4 0, 0, 1;
    %store/vec4 v00000179f655b600_0, 0, 1;
    %delay 20000, 0;
    %pushi/vec4 1, 0, 1;
    %store/vec4 v00000179f655b600_0, 0, 1;
    %delay 10000, 0;
    %pushi/vec4 0, 0, 1;
    %store/vec4 v00000179f655b600_0, 0, 1;
    %delay 15000, 0;
    %pushi/vec4 1, 0, 1;
    %store/vec4 v00000179f655b600_0, 0, 1;
    %delay 10000, 0;
    %pushi/vec4 0, 0, 1;
    %store/vec4 v00000179f655b600_0, 0, 1;
    %delay 10000, 0;
    %pushi/vec4 1, 0, 1;
    %store/vec4 v00000179f655b600_0, 0, 1;
    %delay 5000, 0;
    %pushi/vec4 1, 0, 1;
    %store/vec4 v00000179f655b740_0, 0, 1;
    %delay 10000, 0;
    %pushi/vec4 0, 0, 1;
    %store/vec4 v00000179f655b740_0, 0, 1;
    %delay 10000, 0;
    %pushi/vec4 0, 0, 1;
    %store/vec4 v00000179f655b600_0, 0, 1;
    %delay 20000, 0;
    %vpi_call 2 49 "$finish" {0 0 0};
    %end;
    .thread T_2;
    .scope S_00000179f655ac40;
T_3 ;
    %vpi_call 2 54 "$monitor", "Time=%0t | rst=%b | button=%b | y=%b", $time, v00000179f655b740_0, v00000179f655b600_0, v00000179f655b7e0_0 {0 0 0};
    %end;
    .thread T_3;
# The file index is used to find the file name in the following table.
:file_names 4;
    "N/A";
    "<interactive>";
    "tb.v";
    "./button.v";
