#! /c/Source/iverilog-install/bin/vvp
:ivl_version "12.0 (devel)" "(s20150603-1110-g18392a46)";
:ivl_delay_selection "TYPICAL";
:vpi_time_precision + 0;
:vpi_module "C:\iverilog\lib\ivl\system.vpi";
:vpi_module "C:\iverilog\lib\ivl\vhdl_sys.vpi";
:vpi_module "C:\iverilog\lib\ivl\vhdl_textio.vpi";
:vpi_module "C:\iverilog\lib\ivl\v2005_math.vpi";
:vpi_module "C:\iverilog\lib\ivl\va_math.vpi";
S_000002ac26042ce0 .scope module, "fulladder8b" "fulladder8b" 2 1;
 .timescale 0 0;
    .port_info 0 /INPUT 8 "a";
    .port_info 1 /INPUT 8 "b";
    .port_info 2 /INPUT 1 "cin";
    .port_info 3 /OUTPUT 8 "sum";
    .port_info 4 /OUTPUT 1 "cout";
L_000002ac260bfc70 .functor BUFT 1, C4<0>, C4<0>, C4<0>, C4<0>;
v000002ac26043520_0 .net *"_ivl_10", 0 0, L_000002ac260bfc70;  1 drivers
v000002ac26042e70_0 .net *"_ivl_11", 8 0, L_000002ac26072110;  1 drivers
v000002ac26042f10_0 .net *"_ivl_13", 8 0, L_000002ac26071990;  1 drivers
L_000002ac260bfcb8 .functor BUFT 1, C4<00000000>, C4<0>, C4<0>, C4<0>;
v000002ac26042fb0_0 .net *"_ivl_16", 7 0, L_000002ac260bfcb8;  1 drivers
v000002ac26043050_0 .net *"_ivl_17", 8 0, L_000002ac26071e90;  1 drivers
v000002ac260430f0_0 .net *"_ivl_3", 8 0, L_000002ac260721b0;  1 drivers
L_000002ac260bfc28 .functor BUFT 1, C4<0>, C4<0>, C4<0>, C4<0>;
v000002ac25fee8a0_0 .net *"_ivl_6", 0 0, L_000002ac260bfc28;  1 drivers
v000002ac25fee940_0 .net *"_ivl_7", 8 0, L_000002ac260712b0;  1 drivers
o000002ac26077138 .functor BUFZ 8, C4<zzzzzzzz>; HiZ drive
v000002ac25fee9e0_0 .net "a", 7 0, o000002ac26077138;  0 drivers
o000002ac26077168 .functor BUFZ 8, C4<zzzzzzzz>; HiZ drive
v000002ac25feeb10_0 .net "b", 7 0, o000002ac26077168;  0 drivers
o000002ac26077198 .functor BUFZ 1, C4<z>; HiZ drive
v000002ac25feebb0_0 .net "cin", 0 0, o000002ac26077198;  0 drivers
v000002ac26072070_0 .net "cout", 0 0, L_000002ac26071670;  1 drivers
v000002ac26071d50_0 .net "sum", 7 0, L_000002ac26071710;  1 drivers
L_000002ac26071670 .part L_000002ac26071e90, 8, 1;
L_000002ac26071710 .part L_000002ac26071e90, 0, 8;
L_000002ac260721b0 .concat [ 8 1 0 0], o000002ac26077138, L_000002ac260bfc28;
L_000002ac260712b0 .concat [ 8 1 0 0], o000002ac26077168, L_000002ac260bfc70;
L_000002ac26072110 .arith/sum 9, L_000002ac260721b0, L_000002ac260712b0;
L_000002ac26071990 .concat [ 1 8 0 0], o000002ac26077198, L_000002ac260bfcb8;
L_000002ac26071e90 .arith/sum 9, L_000002ac26072110, L_000002ac26071990;
# The file index is used to find the file name in the following table.
:file_names 3;
    "N/A";
    "<interactive>";
    "fulladder8b.v";
