#! /c/Source/iverilog-install/bin/vvp
:ivl_version "12.0 (devel)" "(s20150603-1110-g18392a46)";
:ivl_delay_selection "TYPICAL";
:vpi_time_precision + 0;
:vpi_module "C:\iverilog\lib\ivl\system.vpi";
:vpi_module "C:\iverilog\lib\ivl\vhdl_sys.vpi";
:vpi_module "C:\iverilog\lib\ivl\vhdl_textio.vpi";
:vpi_module "C:\iverilog\lib\ivl\v2005_math.vpi";
:vpi_module "C:\iverilog\lib\ivl\va_math.vpi";
S_000002179a982ce0 .scope module, "divideby3FSM" "divideby3FSM" 2 1;
 .timescale 0 0;
    .port_info 0 /INPUT 1 "clk";
    .port_info 1 /INPUT 1 "rst";
    .port_info 2 /OUTPUT 1 "y";
P_000002179a92ee80 .param/l "S0" 1 2 10, C4<00>;
P_000002179a92eeb8 .param/l "S1" 1 2 11, C4<01>;
P_000002179a92eef0 .param/l "S2" 1 2 12, C4<10>;
L_000002179a9ffc48 .functor BUFT 1, C4<00>, C4<0>, C4<0>, C4<0>;
v000002179a92ef30_0 .net/2u *"_ivl_0", 1 0, L_000002179a9ffc48;  1 drivers
o000002179a9b7008 .functor BUFZ 1, C4<z>; HiZ drive
v000002179a9835d0_0 .net "clk", 0 0, o000002179a9b7008;  0 drivers
v000002179a982e70_0 .var "nextstate", 1 0;
o000002179a9b7068 .functor BUFZ 1, C4<z>; HiZ drive
v000002179a982f10_0 .net "rst", 0 0, o000002179a9b7068;  0 drivers
v000002179a982fb0_0 .var "state", 1 0;
v000002179a983050_0 .net "y", 0 0, L_000002179a9830f0;  1 drivers
E_000002179a92c480 .event anyedge, v000002179a982fb0_0;
E_000002179a92cac0 .event posedge, v000002179a982f10_0, v000002179a9835d0_0;
L_000002179a9830f0 .cmp/eq 2, v000002179a982fb0_0, L_000002179a9ffc48;
    .scope S_000002179a982ce0;
T_0 ;
    %wait E_000002179a92cac0;
    %load/vec4 v000002179a982f10_0;
    %flag_set/vec4 8;
    %jmp/0xz  T_0.0, 8;
    %pushi/vec4 0, 0, 2;
    %assign/vec4 v000002179a982fb0_0, 0;
    %jmp T_0.1;
T_0.0 ;
    %load/vec4 v000002179a982e70_0;
    %assign/vec4 v000002179a982fb0_0, 0;
T_0.1 ;
    %jmp T_0;
    .thread T_0;
    .scope S_000002179a982ce0;
T_1 ;
    %wait E_000002179a92c480;
    %load/vec4 v000002179a982fb0_0;
    %dup/vec4;
    %pushi/vec4 0, 0, 2;
    %cmp/u;
    %jmp/1 T_1.0, 6;
    %dup/vec4;
    %pushi/vec4 1, 0, 2;
    %cmp/u;
    %jmp/1 T_1.1, 6;
    %dup/vec4;
    %pushi/vec4 2, 0, 2;
    %cmp/u;
    %jmp/1 T_1.2, 6;
    %pushi/vec4 0, 0, 2;
    %store/vec4 v000002179a982fb0_0, 0, 2;
    %jmp T_1.4;
T_1.0 ;
    %pushi/vec4 1, 0, 2;
    %store/vec4 v000002179a982e70_0, 0, 2;
    %jmp T_1.4;
T_1.1 ;
    %pushi/vec4 2, 0, 2;
    %store/vec4 v000002179a982e70_0, 0, 2;
    %jmp T_1.4;
T_1.2 ;
    %pushi/vec4 0, 0, 2;
    %store/vec4 v000002179a982e70_0, 0, 2;
    %jmp T_1.4;
T_1.4 ;
    %pop/vec4 1;
    %jmp T_1;
    .thread T_1, $push;
# The file index is used to find the file name in the following table.
:file_names 3;
    "N/A";
    "<interactive>";
    "fsm-moor.v";
