#! /c/Source/iverilog-install/bin/vvp
:ivl_version "12.0 (devel)" "(s20150603-1110-g18392a46)";
:ivl_delay_selection "TYPICAL";
:vpi_time_precision - 12;
:vpi_module "C:\iverilog\lib\ivl\system.vpi";
:vpi_module "C:\iverilog\lib\ivl\vhdl_sys.vpi";
:vpi_module "C:\iverilog\lib\ivl\vhdl_textio.vpi";
:vpi_module "C:\iverilog\lib\ivl\v2005_math.vpi";
:vpi_module "C:\iverilog\lib\ivl\va_math.vpi";
S_000001ebc9346f30 .scope module, "tb" "tb" 2 4;
 .timescale -9 -12;
v000001ebc930d0b0_0 .var "clk", 0 0;
v000001ebc930d150_0 .var "rst", 0 0;
v000001ebc930d1f0_0 .net "y", 0 0, L_000001ebc93545e0;  1 drivers
S_000001ebc930cde0 .scope module, "uut" "divideby3FSM" 2 11, 3 1 0, S_000001ebc9346f30;
 .timescale -9 -12;
    .port_info 0 /INPUT 1 "clk";
    .port_info 1 /INPUT 1 "rst";
    .port_info 2 /OUTPUT 1 "y";
P_000001ebc93470c0 .param/l "S0" 1 3 10, C4<00>;
P_000001ebc93470f8 .param/l "S1" 1 3 11, C4<01>;
P_000001ebc9347130 .param/l "S2" 1 3 12, C4<10>;
L_000001ebc939c858 .functor BUFT 1, C4<00>, C4<0>, C4<0>, C4<0>;
v000001ebc9323610_0 .net/2u *"_ivl_0", 1 0, L_000001ebc939c858;  1 drivers
v000001ebc9346d80_0 .net "clk", 0 0, v000001ebc930d0b0_0;  1 drivers
v000001ebc9347170_0 .var "nextstate", 1 0;
v000001ebc9323120_0 .net "rst", 0 0, v000001ebc930d150_0;  1 drivers
v000001ebc930cf70_0 .var "state", 1 0;
v000001ebc930d010_0 .net "y", 0 0, L_000001ebc93545e0;  alias, 1 drivers
E_000001ebc930a7c0 .event anyedge, v000001ebc930cf70_0;
E_000001ebc9309c40 .event posedge, v000001ebc9323120_0, v000001ebc9346d80_0;
L_000001ebc93545e0 .cmp/eq 2, v000001ebc930cf70_0, L_000001ebc939c858;
    .scope S_000001ebc930cde0;
T_0 ;
    %wait E_000001ebc9309c40;
    %load/vec4 v000001ebc9323120_0;
    %flag_set/vec4 8;
    %jmp/0xz  T_0.0, 8;
    %pushi/vec4 0, 0, 2;
    %assign/vec4 v000001ebc930cf70_0, 0;
    %jmp T_0.1;
T_0.0 ;
    %load/vec4 v000001ebc9347170_0;
    %assign/vec4 v000001ebc930cf70_0, 0;
T_0.1 ;
    %jmp T_0;
    .thread T_0;
    .scope S_000001ebc930cde0;
T_1 ;
    %wait E_000001ebc930a7c0;
    %load/vec4 v000001ebc930cf70_0;
    %dup/vec4;
    %pushi/vec4 0, 0, 2;
    %cmp/u;
    %jmp/1 T_1.0, 6;
    %dup/vec4;
    %pushi/vec4 1, 0, 2;
    %cmp/u;
    %jmp/1 T_1.1, 6;
    %dup/vec4;
    %pushi/vec4 2, 0, 2;
    %cmp/u;
    %jmp/1 T_1.2, 6;
    %pushi/vec4 0, 0, 2;
    %store/vec4 v000001ebc930cf70_0, 0, 2;
    %jmp T_1.4;
T_1.0 ;
    %pushi/vec4 1, 0, 2;
    %store/vec4 v000001ebc9347170_0, 0, 2;
    %jmp T_1.4;
T_1.1 ;
    %pushi/vec4 2, 0, 2;
    %store/vec4 v000001ebc9347170_0, 0, 2;
    %jmp T_1.4;
T_1.2 ;
    %pushi/vec4 0, 0, 2;
    %store/vec4 v000001ebc9347170_0, 0, 2;
    %jmp T_1.4;
T_1.4 ;
    %pop/vec4 1;
    %jmp T_1;
    .thread T_1, $push;
    .scope S_000001ebc9346f30;
T_2 ;
    %pushi/vec4 0, 0, 1;
    %store/vec4 v000001ebc930d0b0_0, 0, 1;
T_2.0 ;
    %delay 5000, 0;
    %load/vec4 v000001ebc930d0b0_0;
    %inv;
    %store/vec4 v000001ebc930d0b0_0, 0, 1;
    %jmp T_2.0;
    %end;
    .thread T_2;
    .scope S_000001ebc9346f30;
T_3 ;
    %vpi_call 2 25 "$dumpfile", "dump.vcd" {0 0 0};
    %vpi_call 2 26 "$dumpvars", 32'sb00000000000000000000000000000000, S_000001ebc9346f30 {0 0 0};
    %pushi/vec4 1, 0, 1;
    %store/vec4 v000001ebc930d150_0, 0, 1;
    %delay 12000, 0;
    %pushi/vec4 0, 0, 1;
    %store/vec4 v000001ebc930d150_0, 0, 1;
    %pushi/vec4 12, 0, 32;
T_3.0 %dup/vec4;
    %pushi/vec4 0, 0, 32;
    %cmp/s;
    %jmp/1xz T_3.1, 5;
    %jmp/1 T_3.1, 4;
    %pushi/vec4 1, 0, 32;
    %sub;
    %delay 10000, 0;
    %vpi_call 2 36 "$display", "Time=%0t | rst=%b | y=%b", $time, v000001ebc930d150_0, v000001ebc930d1f0_0 {0 0 0};
    %jmp T_3.0;
T_3.1 ;
    %pop/vec4 1;
    %vpi_call 2 39 "$finish" {0 0 0};
    %end;
    .thread T_3;
# The file index is used to find the file name in the following table.
:file_names 4;
    "N/A";
    "<interactive>";
    "tb.v";
    "./fsm-moor.v";
