#! /c/Source/iverilog-install/bin/vvp
:ivl_version "12.0 (devel)" "(s20150603-1110-g18392a46)";
:ivl_delay_selection "TYPICAL";
:vpi_time_precision + 0;
:vpi_module "C:\iverilog\lib\ivl\system.vpi";
:vpi_module "C:\iverilog\lib\ivl\vhdl_sys.vpi";
:vpi_module "C:\iverilog\lib\ivl\vhdl_textio.vpi";
:vpi_module "C:\iverilog\lib\ivl\v2005_math.vpi";
:vpi_module "C:\iverilog\lib\ivl\va_math.vpi";
S_000001f7fcdb2ce0 .scope module, "inv" "inv" 2 1;
 .timescale 0 0;
    .port_info 0 /INPUT 4 "a";
    .port_info 1 /OUTPUT 4 "y";
o000001f7fcde6e78 .functor BUFZ 4, C4<zzzz>; HiZ drive
v000001f7fcdb3500_0 .net "a", 3 0, o000001f7fcde6e78;  0 drivers
v000001f7fcdb2e70_0 .var "y", 3 0;
E_000001f7fcde54d0 .event anyedge, v000001f7fcdb3500_0;
    .scope S_000001f7fcdb2ce0;
T_0 ;
    %wait E_000001f7fcde54d0;
    %load/vec4 v000001f7fcdb3500_0;
    %inv;
    %store/vec4 v000001f7fcdb2e70_0, 0, 4;
    %jmp T_0;
    .thread T_0, $push;
# The file index is used to find the file name in the following table.
:file_names 3;
    "N/A";
    "<interactive>";
    "inverter.v";
