#! /c/Source/iverilog-install/bin/vvp
:ivl_version "12.0 (devel)" "(s20150603-1110-g18392a46)";
:ivl_delay_selection "TYPICAL";
:vpi_time_precision + 0;
:vpi_module "C:\iverilog\lib\ivl\system.vpi";
:vpi_module "C:\iverilog\lib\ivl\vhdl_sys.vpi";
:vpi_module "C:\iverilog\lib\ivl\vhdl_textio.vpi";
:vpi_module "C:\iverilog\lib\ivl\v2005_math.vpi";
:vpi_module "C:\iverilog\lib\ivl\va_math.vpi";
S_000002594e452ce0 .scope module, "comp1b" "comp1b" 2 4;
 .timescale 0 0;
    .port_info 0 /INPUT 1 "a";
    .port_info 1 /INPUT 1 "b";
    .port_info 2 /OUTPUT 1 "c";
o000002594e487018 .functor BUFZ 1, C4<z>; HiZ drive
L_000002594e5a7c40 .functor NOT 1, o000002594e487018, C4<0>, C4<0>, C4<0>;
o000002594e487048 .functor BUFZ 1, C4<z>; HiZ drive
L_000002594e5a8e80 .functor NOT 1, o000002594e487048, C4<0>, C4<0>, C4<0>;
L_000002594e453390 .functor AND 1, L_000002594e5a7c40, L_000002594e5a8e80, C4<1>, C4<1>;
L_000002594e4537d0 .functor AND 1, o000002594e487018, o000002594e487048, C4<1>, C4<1>;
L_000002594e4530f0 .functor OR 1, L_000002594e453390, L_000002594e4537d0, C4<0>, C4<0>;
v000002594e4535b0_0 .net *"_ivl_0", 0 0, L_000002594e5a7c40;  1 drivers
v000002594e5a8de0_0 .net *"_ivl_2", 0 0, L_000002594e5a8e80;  1 drivers
v000002594e5a7ba0_0 .net "a", 0 0, o000002594e487018;  0 drivers
v000002594e452e70_0 .net "b", 0 0, o000002594e487048;  0 drivers
v000002594e452f10_0 .net "c", 0 0, L_000002594e4530f0;  1 drivers
v000002594e452fb0_0 .net "e", 0 0, L_000002594e453390;  1 drivers
v000002594e453050_0 .net "f", 0 0, L_000002594e4537d0;  1 drivers
# The file index is used to find the file name in the following table.
:file_names 3;
    "N/A";
    "<interactive>";
    "comp1b.v";
