#! /c/Source/iverilog-install/bin/vvp
:ivl_version "12.0 (devel)" "(s20150603-1110-g18392a46)";
:ivl_delay_selection "TYPICAL";
:vpi_time_precision - 12;
:vpi_module "C:\iverilog\lib\ivl\system.vpi";
:vpi_module "C:\iverilog\lib\ivl\vhdl_sys.vpi";
:vpi_module "C:\iverilog\lib\ivl\vhdl_textio.vpi";
:vpi_module "C:\iverilog\lib\ivl\v2005_math.vpi";
:vpi_module "C:\iverilog\lib\ivl\va_math.vpi";
S_000001144e452d20 .scope module, "comp1b_tb" "comp1b_tb" 2 4;
 .timescale -9 -12;
v000001144e484740_0 .var "a", 0 0;
v000001144e4847e0_0 .var "b", 0 0;
v000001144e484880_0 .net "c", 0 0, L_000001144e484f90;  1 drivers
S_000001144e452eb0 .scope module, "uut" "comp1b" 2 10, 3 25 0, S_000001144e452d20;
 .timescale -9 -12;
    .port_info 0 /INPUT 1 "a";
    .port_info 1 /INPUT 1 "b";
    .port_info 2 /OUTPUT 1 "c";
L_000001144e478410 .functor NOT 1, v000001144e484740_0, C4<0>, C4<0>, C4<0>;
L_000001144e453810 .functor NOT 1, v000001144e4847e0_0, C4<0>, C4<0>, C4<0>;
L_000001144e453180 .functor AND 1, v000001144e484740_0, v000001144e4847e0_0, C4<1>, C4<1>;
L_000001144e5cc060 .functor AND 1, L_000001144e478410, L_000001144e453810, C4<1>, C4<1>;
L_000001144e484f90 .functor OR 1, L_000001144e453180, L_000001144e5cc060, C4<0>, C4<0>;
v000001144e4533d0_0 .net "a", 0 0, v000001144e484740_0;  1 drivers
v000001144e4535f0_0 .net "aab", 0 0, L_000001144e453180;  1 drivers
v000001144e5c9d40_0 .net "b", 0 0, v000001144e4847e0_0;  1 drivers
v000001144e478370_0 .net "c", 0 0, L_000001144e484f90;  alias, 1 drivers
v000001144e5cbfc0_0 .net "na", 0 0, L_000001144e478410;  1 drivers
v000001144e453040_0 .net "naanb", 0 0, L_000001144e5cc060;  1 drivers
v000001144e4530e0_0 .net "nb", 0 0, L_000001144e453810;  1 drivers
    .scope S_000001144e452d20;
T_0 ;
    %vpi_call 2 14 "$dumpfile", "dump.vcd" {0 0 0};
    %vpi_call 2 15 "$dumpvars" {0 0 0};
    %pushi/vec4 0, 0, 1;
    %store/vec4 v000001144e484740_0, 0, 1;
    %pushi/vec4 0, 0, 1;
    %store/vec4 v000001144e4847e0_0, 0, 1;
    %delay 10000, 0;
    %pushi/vec4 1, 0, 1;
    %store/vec4 v000001144e484740_0, 0, 1;
    %pushi/vec4 0, 0, 1;
    %store/vec4 v000001144e4847e0_0, 0, 1;
    %delay 10000, 0;
    %pushi/vec4 1, 0, 1;
    %store/vec4 v000001144e484740_0, 0, 1;
    %pushi/vec4 1, 0, 1;
    %store/vec4 v000001144e4847e0_0, 0, 1;
    %delay 10000, 0;
    %pushi/vec4 0, 0, 1;
    %store/vec4 v000001144e484740_0, 0, 1;
    %pushi/vec4 1, 0, 1;
    %store/vec4 v000001144e4847e0_0, 0, 1;
    %delay 10000, 0;
    %pushi/vec4 0, 0, 1;
    %store/vec4 v000001144e484740_0, 0, 1;
    %pushi/vec4 0, 0, 1;
    %store/vec4 v000001144e4847e0_0, 0, 1;
    %delay 10000, 0;
    %end;
    .thread T_0;
    .scope S_000001144e452d20;
T_1 ;
    %vpi_call 2 26 "$monitor", "a=%1b b=%1b c=%1b", v000001144e484740_0, v000001144e4847e0_0, v000001144e484880_0 {0 0 0};
    %end;
    .thread T_1;
# The file index is used to find the file name in the following table.
:file_names 4;
    "N/A";
    "<interactive>";
    "tb.v";
    "./comp1b.v";
