#! /c/Source/iverilog-install/bin/vvp
:ivl_version "12.0 (devel)" "(s20150603-1110-g18392a46)";
:ivl_delay_selection "TYPICAL";
:vpi_time_precision + 0;
:vpi_module "C:\iverilog\lib\ivl\system.vpi";
:vpi_module "C:\iverilog\lib\ivl\vhdl_sys.vpi";
:vpi_module "C:\iverilog\lib\ivl\vhdl_textio.vpi";
:vpi_module "C:\iverilog\lib\ivl\v2005_math.vpi";
:vpi_module "C:\iverilog\lib\ivl\va_math.vpi";
S_0000022f8f212d00 .scope module, "fulladder1b" "fulladder1b" 2 1;
 .timescale 0 0;
    .port_info 0 /INPUT 1 "a";
    .port_info 1 /INPUT 1 "b";
    .port_info 2 /INPUT 1 "cin";
    .port_info 3 /OUTPUT 1 "sum";
    .port_info 4 /OUTPUT 1 "cout";
L_0000022f8f28fc90 .functor BUFT 1, C4<0>, C4<0>, C4<0>, C4<0>;
v0000022f8f2135d0_0 .net *"_ivl_10", 0 0, L_0000022f8f28fc90;  1 drivers
v0000022f8f212e90_0 .net *"_ivl_11", 1 0, L_0000022f8f35e1f0;  1 drivers
v0000022f8f212f30_0 .net *"_ivl_13", 1 0, L_0000022f8f35e650;  1 drivers
L_0000022f8f28fcd8 .functor BUFT 1, C4<0>, C4<0>, C4<0>, C4<0>;
v0000022f8f212fd0_0 .net *"_ivl_16", 0 0, L_0000022f8f28fcd8;  1 drivers
v0000022f8f213070_0 .net *"_ivl_17", 1 0, L_0000022f8f35e470;  1 drivers
v0000022f8f213110_0 .net *"_ivl_3", 1 0, L_0000022f8f35e3d0;  1 drivers
L_0000022f8f28fc48 .functor BUFT 1, C4<0>, C4<0>, C4<0>, C4<0>;
v0000022f8f35d7b0_0 .net *"_ivl_6", 0 0, L_0000022f8f28fc48;  1 drivers
v0000022f8f35d850_0 .net *"_ivl_7", 1 0, L_0000022f8f35eab0;  1 drivers
o0000022f8f247158 .functor BUFZ 1, C4<z>; HiZ drive
v0000022f8f35d8f0_0 .net "a", 0 0, o0000022f8f247158;  0 drivers
o0000022f8f247188 .functor BUFZ 1, C4<z>; HiZ drive
v0000022f8f35da20_0 .net "b", 0 0, o0000022f8f247188;  0 drivers
o0000022f8f2471b8 .functor BUFZ 1, C4<z>; HiZ drive
v0000022f8f35dac0_0 .net "cin", 0 0, o0000022f8f2471b8;  0 drivers
v0000022f8f35e6f0_0 .net "cout", 0 0, L_0000022f8f35dcf0;  1 drivers
v0000022f8f35e510_0 .net "sum", 0 0, L_0000022f8f35e5b0;  1 drivers
L_0000022f8f35dcf0 .part L_0000022f8f35e470, 1, 1;
L_0000022f8f35e5b0 .part L_0000022f8f35e470, 0, 1;
L_0000022f8f35e3d0 .concat [ 1 1 0 0], o0000022f8f247158, L_0000022f8f28fc48;
L_0000022f8f35eab0 .concat [ 1 1 0 0], o0000022f8f247188, L_0000022f8f28fc90;
L_0000022f8f35e1f0 .arith/sum 2, L_0000022f8f35e3d0, L_0000022f8f35eab0;
L_0000022f8f35e650 .concat [ 1 1 0 0], o0000022f8f2471b8, L_0000022f8f28fcd8;
L_0000022f8f35e470 .arith/sum 2, L_0000022f8f35e1f0, L_0000022f8f35e650;
# The file index is used to find the file name in the following table.
:file_names 3;
    "N/A";
    "<interactive>";
    "fulladder1b.v";
