#! /c/Source/iverilog-install/bin/vvp
:ivl_version "12.0 (devel)" "(s20150603-1110-g18392a46)";
:ivl_delay_selection "TYPICAL";
:vpi_time_precision + 0;
:vpi_module "C:\iverilog\lib\ivl\system.vpi";
:vpi_module "C:\iverilog\lib\ivl\vhdl_sys.vpi";
:vpi_module "C:\iverilog\lib\ivl\vhdl_textio.vpi";
:vpi_module "C:\iverilog\lib\ivl\v2005_math.vpi";
:vpi_module "C:\iverilog\lib\ivl\va_math.vpi";
S_0000024a695d2830 .scope module, "pipo_reg" "pipo_reg" 2 5;
 .timescale 0 0;
    .port_info 0 /INPUT 1 "clk";
    .port_info 1 /INPUT 1 "reset";
    .port_info 2 /INPUT 1 "load";
    .port_info 3 /INPUT 8 "data_in";
    .port_info 4 /OUTPUT 8 "data_out";
P_0000024a696f8640 .param/l "WIDTH" 0 2 5, +C4<00000000000000000000000000001000>;
o0000024a69606f98 .functor BUFZ 1, C4<z>; HiZ drive
v0000024a695d2f50_0 .net "clk", 0 0, o0000024a69606f98;  0 drivers
o0000024a69606fc8 .functor BUFZ 8, C4<zzzzzzzz>; HiZ drive
v0000024a696fef00_0 .net "data_in", 7 0, o0000024a69606fc8;  0 drivers
v0000024a695d29c0_0 .var "data_out", 7 0;
o0000024a69607028 .functor BUFZ 1, C4<z>; HiZ drive
v0000024a695d2a60_0 .net "load", 0 0, o0000024a69607028;  0 drivers
o0000024a69607058 .functor BUFZ 1, C4<z>; HiZ drive
v0000024a695d2b00_0 .net "reset", 0 0, o0000024a69607058;  0 drivers
E_0000024a696f8140 .event posedge, v0000024a695d2b00_0, v0000024a695d2f50_0;
    .scope S_0000024a695d2830;
T_0 ;
    %wait E_0000024a696f8140;
    %load/vec4 v0000024a695d2b00_0;
    %flag_set/vec4 8;
    %jmp/0xz  T_0.0, 8;
    %pushi/vec4 0, 0, 8;
    %assign/vec4 v0000024a695d29c0_0, 0;
    %jmp T_0.1;
T_0.0 ;
    %load/vec4 v0000024a695d2a60_0;
    %flag_set/vec4 8;
    %jmp/0xz  T_0.2, 8;
    %load/vec4 v0000024a696fef00_0;
    %assign/vec4 v0000024a695d29c0_0, 0;
T_0.2 ;
T_0.1 ;
    %jmp T_0;
    .thread T_0;
# The file index is used to find the file name in the following table.
:file_names 3;
    "N/A";
    "<interactive>";
    "pipo_reg.v";
