#! /c/Source/iverilog-install/bin/vvp
:ivl_version "12.0 (devel)" "(s20150603-1110-g18392a46)";
:ivl_delay_selection "TYPICAL";
:vpi_time_precision + 0;
:vpi_module "C:\iverilog\lib\ivl\system.vpi";
:vpi_module "C:\iverilog\lib\ivl\vhdl_sys.vpi";
:vpi_module "C:\iverilog\lib\ivl\vhdl_textio.vpi";
:vpi_module "C:\iverilog\lib\ivl\v2005_math.vpi";
:vpi_module "C:\iverilog\lib\ivl\va_math.vpi";
S_000001fc03d02df0 .scope module, "comp2bfull" "comp2bfull" 2 1;
 .timescale 0 0;
    .port_info 0 /INPUT 2 "a";
    .port_info 1 /INPUT 2 "b";
    .port_info 2 /OUTPUT 1 "a_eq_b";
    .port_info 3 /OUTPUT 1 "a_gt_b";
    .port_info 4 /OUTPUT 1 "a_lt_b";
o000001fc03d36fd8 .functor BUFZ 2, C4<zz>; HiZ drive
v000001fc03d03500_0 .net "a", 1 0, o000001fc03d36fd8;  0 drivers
v000001fc03d03870_0 .var "a_eq_b", 0 0;
v000001fc03ceeea0_0 .var "a_gt_b", 0 0;
v000001fc03d02f80_0 .var "a_lt_b", 0 0;
o000001fc03d37098 .functor BUFZ 2, C4<zz>; HiZ drive
v000001fc03d03020_0 .net "b", 1 0, o000001fc03d37098;  0 drivers
E_000001fc03cec860 .event anyedge, v000001fc03d03500_0, v000001fc03d03020_0;
    .scope S_000001fc03d02df0;
T_0 ;
    %wait E_000001fc03cec860;
    %load/vec4 v000001fc03d03500_0;
    %load/vec4 v000001fc03d03020_0;
    %cmp/e;
    %jmp/0xz  T_0.0, 4;
    %pushi/vec4 1, 0, 1;
    %store/vec4 v000001fc03d03870_0, 0, 1;
    %pushi/vec4 0, 0, 1;
    %store/vec4 v000001fc03ceeea0_0, 0, 1;
    %pushi/vec4 0, 0, 1;
    %store/vec4 v000001fc03d02f80_0, 0, 1;
    %jmp T_0.1;
T_0.0 ;
    %load/vec4 v000001fc03d03020_0;
    %load/vec4 v000001fc03d03500_0;
    %cmp/u;
    %jmp/0xz  T_0.2, 5;
    %pushi/vec4 0, 0, 1;
    %store/vec4 v000001fc03d03870_0, 0, 1;
    %pushi/vec4 1, 0, 1;
    %store/vec4 v000001fc03ceeea0_0, 0, 1;
    %pushi/vec4 0, 0, 1;
    %store/vec4 v000001fc03d02f80_0, 0, 1;
    %jmp T_0.3;
T_0.2 ;
    %pushi/vec4 0, 0, 1;
    %store/vec4 v000001fc03d03870_0, 0, 1;
    %pushi/vec4 0, 0, 1;
    %store/vec4 v000001fc03ceeea0_0, 0, 1;
    %pushi/vec4 1, 0, 1;
    %store/vec4 v000001fc03d02f80_0, 0, 1;
T_0.3 ;
T_0.1 ;
    %jmp T_0;
    .thread T_0, $push;
# The file index is used to find the file name in the following table.
:file_names 3;
    "N/A";
    "<interactive>";
    "compfull2b.v";
