#! /c/Source/iverilog-install/bin/vvp
:ivl_version "12.0 (devel)" "(s20150603-1110-g18392a46)";
:ivl_delay_selection "TYPICAL";
:vpi_time_precision - 12;
:vpi_module "C:\iverilog\lib\ivl\system.vpi";
:vpi_module "C:\iverilog\lib\ivl\vhdl_sys.vpi";
:vpi_module "C:\iverilog\lib\ivl\vhdl_textio.vpi";
:vpi_module "C:\iverilog\lib\ivl\v2005_math.vpi";
:vpi_module "C:\iverilog\lib\ivl\va_math.vpi";
S_000002d7b357da60 .scope module, "tb" "tb" 2 4;
 .timescale -9 -12;
v000002d7b3605080_0 .var "a", 1 0;
v000002d7b3605120_0 .net "a_eq_b", 0 0, v000002d7b357bb30_0;  1 drivers
v000002d7b364e840_0 .net "a_gt_b", 0 0, v000002d7b35d3120_0;  1 drivers
v000002d7b364e8e0_0 .net "a_lt_b", 0 0, v000002d7b357dd80_0;  1 drivers
v000002d7b364e980_0 .var "b", 1 0;
S_000002d7b357dbf0 .scope module, "uut" "compfull2b" 2 11, 3 1 0, S_000002d7b357da60;
 .timescale -9 -12;
    .port_info 0 /INPUT 2 "a";
    .port_info 1 /INPUT 2 "b";
    .port_info 2 /OUTPUT 1 "a_eq_b";
    .port_info 3 /OUTPUT 1 "a_gt_b";
    .port_info 4 /OUTPUT 1 "a_lt_b";
v000002d7b35d3540_0 .net "a", 1 0, v000002d7b3605080_0;  1 drivers
v000002d7b357bb30_0 .var "a_eq_b", 0 0;
v000002d7b35d3120_0 .var "a_gt_b", 0 0;
v000002d7b357dd80_0 .var "a_lt_b", 0 0;
v000002d7b357de20_0 .net "b", 1 0, v000002d7b364e980_0;  1 drivers
E_000002d7b35f5a40 .event anyedge, v000002d7b35d3540_0, v000002d7b357de20_0;
    .scope S_000002d7b357dbf0;
T_0 ;
    %wait E_000002d7b35f5a40;
    %load/vec4 v000002d7b35d3540_0;
    %load/vec4 v000002d7b357de20_0;
    %cmp/e;
    %jmp/0xz  T_0.0, 4;
    %pushi/vec4 1, 0, 1;
    %store/vec4 v000002d7b357bb30_0, 0, 1;
    %pushi/vec4 0, 0, 1;
    %store/vec4 v000002d7b35d3120_0, 0, 1;
    %pushi/vec4 0, 0, 1;
    %store/vec4 v000002d7b357dd80_0, 0, 1;
    %jmp T_0.1;
T_0.0 ;
    %load/vec4 v000002d7b357de20_0;
    %load/vec4 v000002d7b35d3540_0;
    %cmp/u;
    %jmp/0xz  T_0.2, 5;
    %pushi/vec4 0, 0, 1;
    %store/vec4 v000002d7b357bb30_0, 0, 1;
    %pushi/vec4 1, 0, 1;
    %store/vec4 v000002d7b35d3120_0, 0, 1;
    %pushi/vec4 0, 0, 1;
    %store/vec4 v000002d7b357dd80_0, 0, 1;
    %jmp T_0.3;
T_0.2 ;
    %pushi/vec4 0, 0, 1;
    %store/vec4 v000002d7b357bb30_0, 0, 1;
    %pushi/vec4 0, 0, 1;
    %store/vec4 v000002d7b35d3120_0, 0, 1;
    %pushi/vec4 1, 0, 1;
    %store/vec4 v000002d7b357dd80_0, 0, 1;
T_0.3 ;
T_0.1 ;
    %jmp T_0;
    .thread T_0, $push;
    .scope S_000002d7b357da60;
T_1 ;
    %vpi_call 2 21 "$dumpfile", "dump.vcd" {0 0 0};
    %vpi_call 2 22 "$dumpvars", 32'sb00000000000000000000000000000000, S_000002d7b357da60 {0 0 0};
    %pushi/vec4 0, 0, 2;
    %store/vec4 v000002d7b3605080_0, 0, 2;
    %pushi/vec4 0, 0, 2;
    %store/vec4 v000002d7b364e980_0, 0, 2;
    %delay 10000, 0;
    %pushi/vec4 1, 0, 2;
    %store/vec4 v000002d7b364e980_0, 0, 2;
    %delay 10000, 0;
    %pushi/vec4 2, 0, 2;
    %store/vec4 v000002d7b364e980_0, 0, 2;
    %delay 10000, 0;
    %pushi/vec4 3, 0, 2;
    %store/vec4 v000002d7b364e980_0, 0, 2;
    %pushi/vec4 1, 0, 2;
    %store/vec4 v000002d7b3605080_0, 0, 2;
    %pushi/vec4 0, 0, 2;
    %store/vec4 v000002d7b364e980_0, 0, 2;
    %delay 10000, 0;
    %pushi/vec4 1, 0, 2;
    %store/vec4 v000002d7b364e980_0, 0, 2;
    %delay 10000, 0;
    %pushi/vec4 2, 0, 2;
    %store/vec4 v000002d7b364e980_0, 0, 2;
    %delay 10000, 0;
    %pushi/vec4 3, 0, 2;
    %store/vec4 v000002d7b364e980_0, 0, 2;
    %pushi/vec4 2, 0, 2;
    %store/vec4 v000002d7b3605080_0, 0, 2;
    %pushi/vec4 0, 0, 2;
    %store/vec4 v000002d7b364e980_0, 0, 2;
    %delay 10000, 0;
    %pushi/vec4 1, 0, 2;
    %store/vec4 v000002d7b364e980_0, 0, 2;
    %delay 10000, 0;
    %pushi/vec4 2, 0, 2;
    %store/vec4 v000002d7b364e980_0, 0, 2;
    %delay 10000, 0;
    %pushi/vec4 3, 0, 2;
    %store/vec4 v000002d7b364e980_0, 0, 2;
    %pushi/vec4 3, 0, 2;
    %store/vec4 v000002d7b3605080_0, 0, 2;
    %pushi/vec4 0, 0, 2;
    %store/vec4 v000002d7b364e980_0, 0, 2;
    %delay 10000, 0;
    %pushi/vec4 1, 0, 2;
    %store/vec4 v000002d7b364e980_0, 0, 2;
    %delay 10000, 0;
    %pushi/vec4 2, 0, 2;
    %store/vec4 v000002d7b364e980_0, 0, 2;
    %delay 10000, 0;
    %pushi/vec4 3, 0, 2;
    %store/vec4 v000002d7b364e980_0, 0, 2;
    %delay 10000, 0;
    %pushi/vec4 0, 0, 2;
    %store/vec4 v000002d7b3605080_0, 0, 2;
    %pushi/vec4 0, 0, 2;
    %store/vec4 v000002d7b364e980_0, 0, 2;
    %end;
    .thread T_1;
    .scope S_000002d7b357da60;
T_2 ;
    %vpi_call 2 48 "$monitor", "a(%2b), b(%2b), a==b(%1b), a>b(%1b), a<b(%1b)", v000002d7b3605080_0, v000002d7b364e980_0, v000002d7b3605120_0, v000002d7b364e840_0, v000002d7b364e8e0_0 {0 0 0};
    %end;
    .thread T_2;
# The file index is used to find the file name in the following table.
:file_names 4;
    "N/A";
    "<interactive>";
    "tb.v";
    "./compfull2b.v";
